{"filename":"corporateorderController.js","level":"info","message":"Token verified successfully","timestamp":"2024-11-05T18:31:30.459Z","userId":"C000006"}
{"0":"C","1":"0","2":"0","3":"0","4":"0","5":"0","6":"6","filename":"corporateorderModels.js","level":"info","message":"Fetching corporate carts for customer ID:","timestamp":"2024-11-05T18:31:30.464Z","userId":"C000006"}
{"customer":{"access_token":"eyJhbGciOiJIUzI1NiIsInR5cCI6IkpXVCJ9.eyJlbWFpbCI6ImNhdEBnbWFpbC5jb20iLCJpZCI6IkMwMDAwMDYiLCJpYXQiOjE3MzA4MzA4NjgsImV4cCI6MTczMDkxNzI2OH0.Orc9FC8McnaA-uRmeJdcxgqP0CAMddmJityi41P5xoA","createdat":"2024-11-05T18:21:08.564Z","customer_email":"cat@gmail.com","customer_generated_id":"C000006","customer_id":6,"customer_name":"cat","customer_password":"$2a$10$x/O6VHwCsK4w5EgLFYCqouYndkW2HN52zAhFoLlRZy6ur1AGLGD5C","customer_phonenumber":"6565656565","group_id":null,"isdeactivated":false,"lastloginat":null,"wallet_amount":null},"customer_id":"C000006","filename":"customerModels.js","level":"info","message":"Customer details retrieved:","timestamp":"2024-11-05T18:31:30.465Z","userId":"C000006"}
{"0":"C","1":"0","2":"0","3":"0","4":"0","5":"0","6":"6","filename":"corporateorderModels.js","level":"info","message":"No carts found for customer ID:","timestamp":"2024-11-05T18:31:30.467Z","userId":"C000006"}
{"count":0,"customer_id":"C000006","filename":"customerModels.js","level":"info","message":"Customer addresses fetched for ID:","timestamp":"2024-11-05T18:31:30.469Z","userId":"C000006"}
{"filename":"corporateorderController.js","level":"info","message":"Token verified successfully","timestamp":"2024-11-05T18:31:30.477Z","userId":"C000006"}
{"0":"C","1":"0","2":"0","3":"0","4":"0","5":"0","6":"6","filename":"corporateorderModels.js","level":"info","message":"Fetching corporate carts for customer ID:","timestamp":"2024-11-05T18:31:30.478Z","userId":"C000006"}
{"0":"C","1":"0","2":"0","3":"0","4":"0","5":"0","6":"6","filename":"corporateorderModels.js","level":"info","message":"No carts found for customer ID:","timestamp":"2024-11-05T18:31:30.484Z","userId":"C000006"}
{"customer":{"access_token":"eyJhbGciOiJIUzI1NiIsInR5cCI6IkpXVCJ9.eyJlbWFpbCI6ImNhdEBnbWFpbC5jb20iLCJpZCI6IkMwMDAwMDYiLCJpYXQiOjE3MzA4MzA4NjgsImV4cCI6MTczMDkxNzI2OH0.Orc9FC8McnaA-uRmeJdcxgqP0CAMddmJityi41P5xoA","createdat":"2024-11-05T18:21:08.564Z","customer_email":"cat@gmail.com","customer_generated_id":"C000006","customer_id":6,"customer_name":"cat","customer_password":"$2a$10$x/O6VHwCsK4w5EgLFYCqouYndkW2HN52zAhFoLlRZy6ur1AGLGD5C","customer_phonenumber":"6565656565","group_id":null,"isdeactivated":false,"lastloginat":null,"wallet_amount":null},"customer_id":"C000006","filename":"customerModels.js","level":"info","message":"Customer details retrieved:","timestamp":"2024-11-05T18:31:30.486Z","userId":"C000006"}
{"count":0,"customer_id":"C000006","filename":"customerModels.js","level":"info","message":"Customer addresses fetched for ID:","timestamp":"2024-11-05T18:31:30.489Z","userId":"C000006"}
{"filename":"corporateorderController.js","level":"info","message":"Token verified successfully","timestamp":"2024-11-05T18:31:31.134Z","userId":"C000006"}
{"0":"C","1":"0","2":"0","3":"0","4":"0","5":"0","6":"5","filename":"corporateorderModels.js","level":"info","message":"Fetching corporate carts for customer ID:","timestamp":"2024-11-05T18:31:31.135Z","userId":"C000006"}
{"0":"C","1":"0","2":"0","3":"0","4":"0","5":"0","6":"5","filename":"corporateorderModels.js","level":"info","message":"Corporate carts fetched successfully: 1 carts for customer ID:","timestamp":"2024-11-05T18:31:31.141Z","userId":"C000006"}
{"filename":"corporateorderController.js","level":"info","message":"Token verified successfully","timestamp":"2024-11-05T18:31:31.181Z","userId":"C000006"}
{"0":"C","1":"0","2":"0","3":"0","4":"0","5":"0","6":"5","filename":"corporateorderModels.js","level":"info","message":"Fetching corporate carts for customer ID:","timestamp":"2024-11-05T18:31:31.182Z","userId":"C000006"}
{"customer":{"access_token":"eyJhbGciOiJIUzI1NiIsInR5cCI6IkpXVCJ9.eyJlbWFpbCI6ImJAZ21haWwuY29tIiwiaWQiOiJDMDAwMDA1IiwiaWF0IjoxNzMwODE2ODMxLCJleHAiOjE3MzA5MDMyMzF9.-16Hrfxk7EoyvJr8umF-BE72BbxiFlXHJ_lGX2oCjcA","createdat":"2024-11-05T14:27:11.651Z","customer_email":"b@gmail.com","customer_generated_id":"C000005","customer_id":5,"customer_name":"ball","customer_password":"$2a$10$2ynHp.2NQMdjzcAspoB7jOPbMfmvMVHIdg5Zpb0LyaE7Xd3Nv0oZe","customer_phonenumber":"6281936556","group_id":null,"isdeactivated":false,"lastloginat":null,"wallet_amount":null},"customer_id":"C000005","filename":"customerModels.js","level":"info","message":"Customer details retrieved:","timestamp":"2024-11-05T18:31:31.185Z","userId":"C000006"}
{"0":"C","1":"0","2":"0","3":"0","4":"0","5":"0","6":"5","filename":"corporateorderModels.js","level":"info","message":"Corporate carts fetched successfully: 1 carts for customer ID:","timestamp":"2024-11-05T18:31:31.188Z","userId":"C000006"}
{"count":2,"customer_id":"C000005","filename":"customerModels.js","level":"info","message":"Customer addresses fetched for ID:","timestamp":"2024-11-05T18:31:31.191Z","userId":"C000006"}
{"customer":{"access_token":"eyJhbGciOiJIUzI1NiIsInR5cCI6IkpXVCJ9.eyJlbWFpbCI6ImJAZ21haWwuY29tIiwiaWQiOiJDMDAwMDA1IiwiaWF0IjoxNzMwODE2ODMxLCJleHAiOjE3MzA5MDMyMzF9.-16Hrfxk7EoyvJr8umF-BE72BbxiFlXHJ_lGX2oCjcA","createdat":"2024-11-05T14:27:11.651Z","customer_email":"b@gmail.com","customer_generated_id":"C000005","customer_id":5,"customer_name":"ball","customer_password":"$2a$10$2ynHp.2NQMdjzcAspoB7jOPbMfmvMVHIdg5Zpb0LyaE7Xd3Nv0oZe","customer_phonenumber":"6281936556","group_id":null,"isdeactivated":false,"lastloginat":null,"wallet_amount":null},"customer_id":"C000005","filename":"customerModels.js","level":"info","message":"Customer details retrieved:","timestamp":"2024-11-05T18:31:31.204Z","userId":"C000006"}
{"count":2,"customer_id":"C000005","filename":"customerModels.js","level":"info","message":"Customer addresses fetched for ID:","timestamp":"2024-11-05T18:31:31.209Z","userId":"C000006"}
{"filename":"categoryModels.js","level":"info","message":"Corporate categories fetched successfully","timestamp":"2024-11-05T18:46:59.641Z","userId":"C000006"}
{"filename":"corporateorderController.js","level":"info","message":"Token verified successfully for fetching cart count","timestamp":"2024-11-05T18:46:59.681Z","userId":"C000006"}
{"filename":"categoryModels.js","level":"info","message":"Corporate categories fetched successfully","timestamp":"2024-11-05T18:46:59.684Z","userId":"C000006"}
{"customer":{"access_token":"eyJhbGciOiJIUzI1NiIsInR5cCI6IkpXVCJ9.eyJlbWFpbCI6ImNhdEBnbWFpbC5jb20iLCJpZCI6IkMwMDAwMDYiLCJpYXQiOjE3MzA4MzA4NjgsImV4cCI6MTczMDkxNzI2OH0.Orc9FC8McnaA-uRmeJdcxgqP0CAMddmJityi41P5xoA","createdat":"2024-11-05T18:21:08.564Z","customer_email":"cat@gmail.com","customer_generated_id":"C000006","customer_id":6,"customer_name":"cat","customer_password":"$2a$10$x/O6VHwCsK4w5EgLFYCqouYndkW2HN52zAhFoLlRZy6ur1AGLGD5C","customer_phonenumber":"6565656565","group_id":null,"isdeactivated":false,"lastloginat":null,"wallet_amount":null},"customer_id":"C000006","filename":"customerModels.js","level":"info","message":"Customer details retrieved:","timestamp":"2024-11-05T18:46:59.686Z","userId":"C000006"}
{"count":0,"customer_id":"C000006","filename":"customerModels.js","level":"info","message":"Addresses retrieved for customer ID:","timestamp":"2024-11-05T18:46:59.687Z","userId":"C000006"}
{"customer_id":"C000006","filename":"corporateorderModels.js","level":"info","message":"Retrieved cart count :","result":{"total_quantity":null},"timestamp":"2024-11-05T18:46:59.689Z","userId":"C000006"}
{"filename":"corporateorderController.js","level":"info","message":"Token verified successfully for fetching cart count","timestamp":"2024-11-05T18:46:59.702Z","userId":"C000006"}
{"count":0,"customer_id":"C000006","filename":"customerModels.js","level":"info","message":"Addresses retrieved for customer ID:","timestamp":"2024-11-05T18:46:59.704Z","userId":"C000006"}
{"customer":{"access_token":"eyJhbGciOiJIUzI1NiIsInR5cCI6IkpXVCJ9.eyJlbWFpbCI6ImNhdEBnbWFpbC5jb20iLCJpZCI6IkMwMDAwMDYiLCJpYXQiOjE3MzA4MzA4NjgsImV4cCI6MTczMDkxNzI2OH0.Orc9FC8McnaA-uRmeJdcxgqP0CAMddmJityi41P5xoA","createdat":"2024-11-05T18:21:08.564Z","customer_email":"cat@gmail.com","customer_generated_id":"C000006","customer_id":6,"customer_name":"cat","customer_password":"$2a$10$x/O6VHwCsK4w5EgLFYCqouYndkW2HN52zAhFoLlRZy6ur1AGLGD5C","customer_phonenumber":"6565656565","group_id":null,"isdeactivated":false,"lastloginat":null,"wallet_amount":null},"customer_id":"C000006","filename":"customerModels.js","level":"info","message":"Customer details retrieved:","timestamp":"2024-11-05T18:46:59.707Z","userId":"C000006"}
{"customer_id":"C000006","filename":"corporateorderModels.js","level":"info","message":"Retrieved cart count :","result":{"total_quantity":null},"timestamp":"2024-11-05T18:46:59.710Z","userId":"C000006"}
{"filename":"addressController.js","level":"info","message":"Token verified successfully for default address retrieval","timestamp":"2024-11-05T18:47:04.437Z","userEmail":"cat@gmail.com","userId":"C000006"}
{"0":"c","1":"a","10":"c","11":"o","12":"m","2":"t","3":"@","4":"g","5":"m","6":"a","7":"i","8":"l","9":".","filename":"addressModels.js","level":"info","message":"Default address retrieved successfully for customer email:","timestamp":"2024-11-05T18:47:04.439Z","userId":"C000006"}
{"filename":"addressController.js","level":"info","message":"Default address retrieved successfully for user","timestamp":"2024-11-05T18:47:04.439Z","userEmail":"cat@gmail.com","userId":"C000006"}
{"filename":"addressController.js","level":"info","message":"Token verified successfully for default address retrieval","timestamp":"2024-11-05T18:47:04.450Z","userEmail":"cat@gmail.com","userId":"C000006"}
{"0":"c","1":"a","10":"c","11":"o","12":"m","2":"t","3":"@","4":"g","5":"m","6":"a","7":"i","8":"l","9":".","filename":"addressModels.js","level":"info","message":"Default address retrieved successfully for customer email:","timestamp":"2024-11-05T18:47:04.451Z","userId":"C000006"}
{"filename":"addressController.js","level":"info","message":"Default address retrieved successfully for user","timestamp":"2024-11-05T18:47:04.452Z","userEmail":"cat@gmail.com","userId":"C000006"}
{"filename":"addressController.js","level":"info","message":"Received token for address creation: ","timestamp":"2024-11-05T18:47:53.773Z","token":"eyJhbGciOiJIUzI1NiIsInR5cCI6IkpXVCJ9.eyJlbWFpbCI6ImNhdEBnbWFpbC5jb20iLCJpZCI6IkMwMDAwMDYiLCJpYXQiOjE3MzA4MzA4NjgsImV4cCI6MTczMDkxNzI2OH0.Orc9FC8McnaA-uRmeJdcxgqP0CAMddmJityi41P5xoA","userId":"C000006"}
{"filename":"addressController.js","level":"info","message":"Token verified successfully","timestamp":"2024-11-05T18:47:53.780Z","userId":"C000006"}
{"0":"C","1":"0","2":"0","3":"0","4":"0","5":"0","6":"6","filename":"addressModels.js","level":"info","message":"Address added successfully for customer ID:","timestamp":"2024-11-05T18:47:53.790Z","userId":"C000006"}
{"filename":"addressController.js","level":"info","message":"Address stored successfully for user","timestamp":"2024-11-05T18:47:53.793Z","userId":"C000006"}
{"filename":"addressController.js","level":"info","message":"Token verified successfully for address retrieval","timestamp":"2024-11-05T18:47:57.437Z","userId":"C000006"}
{"0":"C","1":"0","2":"0","3":"0","4":"0","5":"0","6":"6","filename":"addressModels.js","level":"info","message":"All addresses retrieved successfully for customer ID:","timestamp":"2024-11-05T18:47:57.440Z","userId":"C000006"}
{"filename":"addressController.js","level":"info","message":"All addresses retrieved successfully for user","timestamp":"2024-11-05T18:47:57.441Z","userId":"C000006"}
{"filename":"corporateorderController.js","level":"info","message":"Token verified successfully","timestamp":"2024-11-05T18:50:59.133Z","userId":"C000006"}
{"0":"C","1":"0","2":"0","3":"0","4":"0","5":"0","6":"6","filename":"corporateorderModels.js","level":"info","message":"Fetching corporate carts for customer ID:","timestamp":"2024-11-05T18:50:59.134Z","userId":"C000006"}
{"0":"C","1":"0","2":"0","3":"0","4":"0","5":"0","6":"6","filename":"corporateorderModels.js","level":"info","message":"No carts found for customer ID:","timestamp":"2024-11-05T18:50:59.137Z","userId":"C000006"}
{"filename":"corporateorderController.js","level":"info","message":"Token verified successfully","timestamp":"2024-11-05T18:50:59.152Z","userId":"C000006"}
{"0":"C","1":"0","2":"0","3":"0","4":"0","5":"0","6":"6","filename":"corporateorderModels.js","level":"info","message":"Fetching corporate carts for customer ID:","timestamp":"2024-11-05T18:50:59.152Z","userId":"C000006"}
{"customer":{"access_token":"eyJhbGciOiJIUzI1NiIsInR5cCI6IkpXVCJ9.eyJlbWFpbCI6ImNhdEBnbWFpbC5jb20iLCJpZCI6IkMwMDAwMDYiLCJpYXQiOjE3MzA4MzA4NjgsImV4cCI6MTczMDkxNzI2OH0.Orc9FC8McnaA-uRmeJdcxgqP0CAMddmJityi41P5xoA","createdat":"2024-11-05T18:21:08.564Z","customer_email":"cat@gmail.com","customer_generated_id":"C000006","customer_id":6,"customer_name":"cat","customer_password":"$2a$10$x/O6VHwCsK4w5EgLFYCqouYndkW2HN52zAhFoLlRZy6ur1AGLGD5C","customer_phonenumber":"6565656565","group_id":null,"isdeactivated":false,"lastloginat":null,"wallet_amount":null},"customer_id":"C000006","filename":"customerModels.js","level":"info","message":"Customer details retrieved:","timestamp":"2024-11-05T18:50:59.156Z","userId":"C000006"}
{"0":"C","1":"0","2":"0","3":"0","4":"0","5":"0","6":"6","filename":"corporateorderModels.js","level":"info","message":"No carts found for customer ID:","timestamp":"2024-11-05T18:50:59.158Z","userId":"C000006"}
{"count":1,"customer_id":"C000006","filename":"customerModels.js","level":"info","message":"Customer addresses fetched for ID:","timestamp":"2024-11-05T18:50:59.161Z","userId":"C000006"}
{"customer":{"access_token":"eyJhbGciOiJIUzI1NiIsInR5cCI6IkpXVCJ9.eyJlbWFpbCI6ImNhdEBnbWFpbC5jb20iLCJpZCI6IkMwMDAwMDYiLCJpYXQiOjE3MzA4MzA4NjgsImV4cCI6MTczMDkxNzI2OH0.Orc9FC8McnaA-uRmeJdcxgqP0CAMddmJityi41P5xoA","createdat":"2024-11-05T18:21:08.564Z","customer_email":"cat@gmail.com","customer_generated_id":"C000006","customer_id":6,"customer_name":"cat","customer_password":"$2a$10$x/O6VHwCsK4w5EgLFYCqouYndkW2HN52zAhFoLlRZy6ur1AGLGD5C","customer_phonenumber":"6565656565","group_id":null,"isdeactivated":false,"lastloginat":null,"wallet_amount":null},"customer_id":"C000006","filename":"customerModels.js","level":"info","message":"Customer details retrieved:","timestamp":"2024-11-05T18:50:59.174Z","userId":"C000006"}
{"count":1,"customer_id":"C000006","filename":"customerModels.js","level":"info","message":"Customer addresses fetched for ID:","timestamp":"2024-11-05T18:50:59.181Z","userId":"C000006"}
{"filename":"corporateorderController.js","level":"info","message":"Token verified successfully","timestamp":"2024-11-05T18:51:58.158Z","userId":"C000006"}
{"0":"C","1":"0","2":"0","3":"0","4":"0","5":"0","6":"6","filename":"corporateorderModels.js","level":"info","message":"Fetching corporate carts for customer ID:","timestamp":"2024-11-05T18:51:58.159Z","userId":"C000006"}
{"filename":"corporateorderController.js","level":"info","message":"Token verified successfully","timestamp":"2024-11-05T18:51:58.164Z","userId":"C000006"}
{"0":"C","1":"0","2":"0","3":"0","4":"0","5":"0","6":"5","filename":"corporateorderModels.js","level":"info","message":"Fetching corporate carts for customer ID:","timestamp":"2024-11-05T18:51:58.165Z","userId":"C000006"}
{"0":"C","1":"0","2":"0","3":"0","4":"0","5":"0","6":"6","filename":"corporateorderModels.js","level":"info","message":"No carts found for customer ID:","timestamp":"2024-11-05T18:51:58.170Z","userId":"C000006"}
{"customer":{"access_token":"eyJhbGciOiJIUzI1NiIsInR5cCI6IkpXVCJ9.eyJlbWFpbCI6ImNhdEBnbWFpbC5jb20iLCJpZCI6IkMwMDAwMDYiLCJpYXQiOjE3MzA4MzA4NjgsImV4cCI6MTczMDkxNzI2OH0.Orc9FC8McnaA-uRmeJdcxgqP0CAMddmJityi41P5xoA","createdat":"2024-11-05T18:21:08.564Z","customer_email":"cat@gmail.com","customer_generated_id":"C000006","customer_id":6,"customer_name":"cat","customer_password":"$2a$10$x/O6VHwCsK4w5EgLFYCqouYndkW2HN52zAhFoLlRZy6ur1AGLGD5C","customer_phonenumber":"6565656565","group_id":null,"isdeactivated":false,"lastloginat":null,"wallet_amount":null},"customer_id":"C000006","filename":"customerModels.js","level":"info","message":"Customer details retrieved:","timestamp":"2024-11-05T18:51:58.172Z","userId":"C000006"}
{"0":"C","1":"0","2":"0","3":"0","4":"0","5":"0","6":"5","filename":"corporateorderModels.js","level":"info","message":"Corporate carts fetched successfully: 1 carts for customer ID:","timestamp":"2024-11-05T18:51:58.175Z","userId":"C000006"}
{"customer":{"access_token":"eyJhbGciOiJIUzI1NiIsInR5cCI6IkpXVCJ9.eyJlbWFpbCI6ImJAZ21haWwuY29tIiwiaWQiOiJDMDAwMDA1IiwiaWF0IjoxNzMwODE2ODMxLCJleHAiOjE3MzA5MDMyMzF9.-16Hrfxk7EoyvJr8umF-BE72BbxiFlXHJ_lGX2oCjcA","createdat":"2024-11-05T14:27:11.651Z","customer_email":"b@gmail.com","customer_generated_id":"C000005","customer_id":5,"customer_name":"ball","customer_password":"$2a$10$2ynHp.2NQMdjzcAspoB7jOPbMfmvMVHIdg5Zpb0LyaE7Xd3Nv0oZe","customer_phonenumber":"6281936556","group_id":null,"isdeactivated":false,"lastloginat":null,"wallet_amount":null},"customer_id":"C000005","filename":"customerModels.js","level":"info","message":"Customer details retrieved:","timestamp":"2024-11-05T18:51:58.177Z","userId":"C000006"}
{"count":1,"customer_id":"C000006","filename":"customerModels.js","level":"info","message":"Customer addresses fetched for ID:","timestamp":"2024-11-05T18:51:58.180Z","userId":"C000006"}
{"count":2,"customer_id":"C000005","filename":"customerModels.js","level":"info","message":"Customer addresses fetched for ID:","timestamp":"2024-11-05T18:51:58.184Z","userId":"C000006"}
{"filename":"corporateorderController.js","level":"info","message":"Token verified successfully","timestamp":"2024-11-05T18:52:06.302Z","userId":"C000006"}
{"0":"C","1":"0","2":"0","3":"0","4":"0","5":"0","6":"6","filename":"corporateorderModels.js","level":"info","message":"Fetching corporate carts for customer ID:","timestamp":"2024-11-05T18:52:06.304Z","userId":"C000006"}
{"0":"C","1":"0","2":"0","3":"0","4":"0","5":"0","6":"6","filename":"corporateorderModels.js","level":"info","message":"No carts found for customer ID:","timestamp":"2024-11-05T18:52:06.313Z","userId":"C000006"}
{"customer":{"access_token":"eyJhbGciOiJIUzI1NiIsInR5cCI6IkpXVCJ9.eyJlbWFpbCI6ImNhdEBnbWFpbC5jb20iLCJpZCI6IkMwMDAwMDYiLCJpYXQiOjE3MzA4MzA4NjgsImV4cCI6MTczMDkxNzI2OH0.Orc9FC8McnaA-uRmeJdcxgqP0CAMddmJityi41P5xoA","createdat":"2024-11-05T18:21:08.564Z","customer_email":"cat@gmail.com","customer_generated_id":"C000006","customer_id":6,"customer_name":"cat","customer_password":"$2a$10$x/O6VHwCsK4w5EgLFYCqouYndkW2HN52zAhFoLlRZy6ur1AGLGD5C","customer_phonenumber":"6565656565","group_id":null,"isdeactivated":false,"lastloginat":null,"wallet_amount":null},"customer_id":"C000006","filename":"customerModels.js","level":"info","message":"Customer details retrieved:","timestamp":"2024-11-05T18:52:06.317Z","userId":"C000006"}
{"count":1,"customer_id":"C000006","filename":"customerModels.js","level":"info","message":"Customer addresses fetched for ID:","timestamp":"2024-11-05T18:52:06.322Z","userId":"C000006"}
{"filename":"corporateorderController.js","level":"info","message":"Token verified successfully","timestamp":"2024-11-05T18:52:06.327Z","userId":"C000006"}
{"0":"C","1":"0","2":"0","3":"0","4":"0","5":"0","6":"6","filename":"corporateorderModels.js","level":"info","message":"Fetching corporate carts for customer ID:","timestamp":"2024-11-05T18:52:06.327Z","userId":"C000006"}
{"0":"C","1":"0","2":"0","3":"0","4":"0","5":"0","6":"6","filename":"corporateorderModels.js","level":"info","message":"No carts found for customer ID:","timestamp":"2024-11-05T18:52:06.329Z","userId":"C000006"}
{"customer":{"access_token":"eyJhbGciOiJIUzI1NiIsInR5cCI6IkpXVCJ9.eyJlbWFpbCI6ImNhdEBnbWFpbC5jb20iLCJpZCI6IkMwMDAwMDYiLCJpYXQiOjE3MzA4MzA4NjgsImV4cCI6MTczMDkxNzI2OH0.Orc9FC8McnaA-uRmeJdcxgqP0CAMddmJityi41P5xoA","createdat":"2024-11-05T18:21:08.564Z","customer_email":"cat@gmail.com","customer_generated_id":"C000006","customer_id":6,"customer_name":"cat","customer_password":"$2a$10$x/O6VHwCsK4w5EgLFYCqouYndkW2HN52zAhFoLlRZy6ur1AGLGD5C","customer_phonenumber":"6565656565","group_id":null,"isdeactivated":false,"lastloginat":null,"wallet_amount":null},"customer_id":"C000006","filename":"customerModels.js","level":"info","message":"Customer details retrieved:","timestamp":"2024-11-05T18:52:06.350Z","userId":"C000006"}
{"count":1,"customer_id":"C000006","filename":"customerModels.js","level":"info","message":"Customer addresses fetched for ID:","timestamp":"2024-11-05T18:52:06.359Z","userId":"C000006"}
{"filename":"addressController.js","level":"info","message":"Token verified successfully for default address retrieval","timestamp":"2024-11-05T18:52:12.018Z","userEmail":"cat@gmail.com","userId":"C000006"}
{"0":"c","1":"a","10":"c","11":"o","12":"m","2":"t","3":"@","4":"g","5":"m","6":"a","7":"i","8":"l","9":".","filename":"addressModels.js","level":"info","message":"Default address retrieved successfully for customer email:","timestamp":"2024-11-05T18:52:12.021Z","userId":"C000006"}
{"filename":"addressController.js","level":"info","message":"Default address retrieved successfully for user","timestamp":"2024-11-05T18:52:12.022Z","userEmail":"cat@gmail.com","userId":"C000006"}
{"filename":"addressController.js","level":"info","message":"Token verified successfully for default address retrieval","timestamp":"2024-11-05T18:52:12.037Z","userEmail":"cat@gmail.com","userId":"C000006"}
{"0":"c","1":"a","10":"c","11":"o","12":"m","2":"t","3":"@","4":"g","5":"m","6":"a","7":"i","8":"l","9":".","filename":"addressModels.js","level":"info","message":"Default address retrieved successfully for customer email:","timestamp":"2024-11-05T18:52:12.039Z","userId":"C000006"}
{"filename":"addressController.js","level":"info","message":"Default address retrieved successfully for user","timestamp":"2024-11-05T18:52:12.039Z","userEmail":"cat@gmail.com","userId":"C000006"}
{"filename":"categoryModels.js","level":"info","message":"Corporate categories fetched successfully","timestamp":"2024-11-05T18:52:19.950Z","userId":"C000006"}
{"filename":"corporateorderController.js","level":"info","message":"Token verified successfully for fetching cart count","timestamp":"2024-11-05T18:52:19.973Z","userId":"C000006"}
{"customer":{"access_token":"eyJhbGciOiJIUzI1NiIsInR5cCI6IkpXVCJ9.eyJlbWFpbCI6ImNhdEBnbWFpbC5jb20iLCJpZCI6IkMwMDAwMDYiLCJpYXQiOjE3MzA4MzA4NjgsImV4cCI6MTczMDkxNzI2OH0.Orc9FC8McnaA-uRmeJdcxgqP0CAMddmJityi41P5xoA","createdat":"2024-11-05T18:21:08.564Z","customer_email":"cat@gmail.com","customer_generated_id":"C000006","customer_id":6,"customer_name":"cat","customer_password":"$2a$10$x/O6VHwCsK4w5EgLFYCqouYndkW2HN52zAhFoLlRZy6ur1AGLGD5C","customer_phonenumber":"6565656565","group_id":null,"isdeactivated":false,"lastloginat":null,"wallet_amount":null},"customer_id":"C000006","filename":"customerModels.js","level":"info","message":"Customer details retrieved:","timestamp":"2024-11-05T18:52:19.978Z","userId":"C000006"}
{"count":1,"customer_id":"C000006","filename":"customerModels.js","level":"info","message":"Addresses retrieved for customer ID:","timestamp":"2024-11-05T18:52:19.980Z","userId":"C000006"}
{"filename":"categoryModels.js","level":"info","message":"Corporate categories fetched successfully","timestamp":"2024-11-05T18:52:19.983Z","userId":"C000006"}
{"customer_id":"C000006","filename":"corporateorderModels.js","level":"info","message":"Retrieved cart count :","result":{"total_quantity":null},"timestamp":"2024-11-05T18:52:19.989Z","userId":"C000006"}
{"filename":"corporateorderController.js","level":"info","message":"Token verified successfully for fetching cart count","timestamp":"2024-11-05T18:52:19.999Z","userId":"C000006"}
{"count":1,"customer_id":"C000006","filename":"customerModels.js","level":"info","message":"Addresses retrieved for customer ID:","timestamp":"2024-11-05T18:52:20.001Z","userId":"C000006"}
{"customer":{"access_token":"eyJhbGciOiJIUzI1NiIsInR5cCI6IkpXVCJ9.eyJlbWFpbCI6ImNhdEBnbWFpbC5jb20iLCJpZCI6IkMwMDAwMDYiLCJpYXQiOjE3MzA4MzA4NjgsImV4cCI6MTczMDkxNzI2OH0.Orc9FC8McnaA-uRmeJdcxgqP0CAMddmJityi41P5xoA","createdat":"2024-11-05T18:21:08.564Z","customer_email":"cat@gmail.com","customer_generated_id":"C000006","customer_id":6,"customer_name":"cat","customer_password":"$2a$10$x/O6VHwCsK4w5EgLFYCqouYndkW2HN52zAhFoLlRZy6ur1AGLGD5C","customer_phonenumber":"6565656565","group_id":null,"isdeactivated":false,"lastloginat":null,"wallet_amount":null},"customer_id":"C000006","filename":"customerModels.js","level":"info","message":"Customer details retrieved:","timestamp":"2024-11-05T18:52:20.004Z","userId":"C000006"}
{"customer_id":"C000006","filename":"corporateorderModels.js","level":"info","message":"Retrieved cart count :","result":{"total_quantity":null},"timestamp":"2024-11-05T18:52:20.006Z","userId":"C000006"}
{"filename":"corporateorderController.js","level":"info","message":"Token verified successfully","timestamp":"2024-11-05T18:52:23.060Z","userId":"C000006"}
{"0":"C","1":"0","2":"0","3":"0","4":"0","5":"0","6":"6","filename":"corporateorderModels.js","level":"info","message":"Fetching corporate carts for customer ID:","timestamp":"2024-11-05T18:52:23.061Z","userId":"C000006"}
{"0":"C","1":"0","2":"0","3":"0","4":"0","5":"0","6":"6","filename":"corporateorderModels.js","level":"info","message":"No carts found for customer ID:","timestamp":"2024-11-05T18:52:23.067Z","userId":"C000006"}
{"customer":{"access_token":"eyJhbGciOiJIUzI1NiIsInR5cCI6IkpXVCJ9.eyJlbWFpbCI6ImNhdEBnbWFpbC5jb20iLCJpZCI6IkMwMDAwMDYiLCJpYXQiOjE3MzA4MzA4NjgsImV4cCI6MTczMDkxNzI2OH0.Orc9FC8McnaA-uRmeJdcxgqP0CAMddmJityi41P5xoA","createdat":"2024-11-05T18:21:08.564Z","customer_email":"cat@gmail.com","customer_generated_id":"C000006","customer_id":6,"customer_name":"cat","customer_password":"$2a$10$x/O6VHwCsK4w5EgLFYCqouYndkW2HN52zAhFoLlRZy6ur1AGLGD5C","customer_phonenumber":"6565656565","group_id":null,"isdeactivated":false,"lastloginat":null,"wallet_amount":null},"customer_id":"C000006","filename":"customerModels.js","level":"info","message":"Customer details retrieved:","timestamp":"2024-11-05T18:52:23.069Z","userId":"C000006"}
{"count":1,"customer_id":"C000006","filename":"customerModels.js","level":"info","message":"Customer addresses fetched for ID:","timestamp":"2024-11-05T18:52:23.073Z","userId":"C000006"}
{"filename":"corporateorderController.js","level":"info","message":"Token verified successfully","timestamp":"2024-11-05T18:52:23.081Z","userId":"C000006"}
{"0":"C","1":"0","2":"0","3":"0","4":"0","5":"0","6":"6","filename":"corporateorderModels.js","level":"info","message":"Fetching corporate carts for customer ID:","timestamp":"2024-11-05T18:52:23.081Z","userId":"C000006"}
{"0":"C","1":"0","2":"0","3":"0","4":"0","5":"0","6":"6","filename":"corporateorderModels.js","level":"info","message":"No carts found for customer ID:","timestamp":"2024-11-05T18:52:23.086Z","userId":"C000006"}
{"customer":{"access_token":"eyJhbGciOiJIUzI1NiIsInR5cCI6IkpXVCJ9.eyJlbWFpbCI6ImNhdEBnbWFpbC5jb20iLCJpZCI6IkMwMDAwMDYiLCJpYXQiOjE3MzA4MzA4NjgsImV4cCI6MTczMDkxNzI2OH0.Orc9FC8McnaA-uRmeJdcxgqP0CAMddmJityi41P5xoA","createdat":"2024-11-05T18:21:08.564Z","customer_email":"cat@gmail.com","customer_generated_id":"C000006","customer_id":6,"customer_name":"cat","customer_password":"$2a$10$x/O6VHwCsK4w5EgLFYCqouYndkW2HN52zAhFoLlRZy6ur1AGLGD5C","customer_phonenumber":"6565656565","group_id":null,"isdeactivated":false,"lastloginat":null,"wallet_amount":null},"customer_id":"C000006","filename":"customerModels.js","level":"info","message":"Customer details retrieved:","timestamp":"2024-11-05T18:52:23.097Z","userId":"C000006"}
{"count":1,"customer_id":"C000006","filename":"customerModels.js","level":"info","message":"Customer addresses fetched for ID:","timestamp":"2024-11-05T18:52:23.104Z","userId":"C000006"}
{"filename":"categoryModels.js","level":"info","message":"Corporate categories fetched successfully","timestamp":"2024-11-05T18:52:36.696Z","userId":"C000006"}
{"filename":"corporateorderController.js","level":"info","message":"Token verified successfully for fetching cart count","timestamp":"2024-11-05T18:52:36.702Z","userId":"C000006"}
{"customer":{"access_token":"eyJhbGciOiJIUzI1NiIsInR5cCI6IkpXVCJ9.eyJlbWFpbCI6ImNhdEBnbWFpbC5jb20iLCJpZCI6IkMwMDAwMDYiLCJpYXQiOjE3MzA4MzA4NjgsImV4cCI6MTczMDkxNzI2OH0.Orc9FC8McnaA-uRmeJdcxgqP0CAMddmJityi41P5xoA","createdat":"2024-11-05T18:21:08.564Z","customer_email":"cat@gmail.com","customer_generated_id":"C000006","customer_id":6,"customer_name":"cat","customer_password":"$2a$10$x/O6VHwCsK4w5EgLFYCqouYndkW2HN52zAhFoLlRZy6ur1AGLGD5C","customer_phonenumber":"6565656565","group_id":null,"isdeactivated":false,"lastloginat":null,"wallet_amount":null},"customer_id":"C000006","filename":"customerModels.js","level":"info","message":"Customer details retrieved:","timestamp":"2024-11-05T18:52:36.709Z","userId":"C000006"}
{"filename":"categoryModels.js","level":"info","message":"Corporate categories fetched successfully","timestamp":"2024-11-05T18:52:36.712Z","userId":"C000006"}
{"customer_id":"C000006","filename":"corporateorderModels.js","level":"info","message":"Retrieved cart count :","result":{"total_quantity":null},"timestamp":"2024-11-05T18:52:36.716Z","userId":"C000006"}
{"filename":"corporateorderController.js","level":"info","message":"Token verified successfully for fetching cart count","timestamp":"2024-11-05T18:52:36.727Z","userId":"C000006"}
{"customer":{"access_token":"eyJhbGciOiJIUzI1NiIsInR5cCI6IkpXVCJ9.eyJlbWFpbCI6ImNhdEBnbWFpbC5jb20iLCJpZCI6IkMwMDAwMDYiLCJpYXQiOjE3MzA4MzA4NjgsImV4cCI6MTczMDkxNzI2OH0.Orc9FC8McnaA-uRmeJdcxgqP0CAMddmJityi41P5xoA","createdat":"2024-11-05T18:21:08.564Z","customer_email":"cat@gmail.com","customer_generated_id":"C000006","customer_id":6,"customer_name":"cat","customer_password":"$2a$10$x/O6VHwCsK4w5EgLFYCqouYndkW2HN52zAhFoLlRZy6ur1AGLGD5C","customer_phonenumber":"6565656565","group_id":null,"isdeactivated":false,"lastloginat":null,"wallet_amount":null},"customer_id":"C000006","filename":"customerModels.js","level":"info","message":"Customer details retrieved:","timestamp":"2024-11-05T18:52:36.731Z","userId":"C000006"}
{"customer_id":"C000006","filename":"corporateorderModels.js","level":"info","message":"Retrieved cart count :","result":{"total_quantity":null},"timestamp":"2024-11-05T18:52:36.734Z","userId":"C000006"}
{"filename":"corporateorderController.js","level":"info","message":"Token verified successfully","timestamp":"2024-11-05T18:52:40.364Z","userId":"C000006"}
{"0":"C","1":"0","2":"0","3":"0","4":"0","5":"0","6":"6","filename":"corporateorderModels.js","level":"info","message":"Fetching corporate carts for customer ID:","timestamp":"2024-11-05T18:52:40.365Z","userId":"C000006"}
{"0":"C","1":"0","2":"0","3":"0","4":"0","5":"0","6":"6","filename":"corporateorderModels.js","level":"info","message":"No carts found for customer ID:","timestamp":"2024-11-05T18:52:40.368Z","userId":"C000006"}
{"customer":{"access_token":"eyJhbGciOiJIUzI1NiIsInR5cCI6IkpXVCJ9.eyJlbWFpbCI6ImNhdEBnbWFpbC5jb20iLCJpZCI6IkMwMDAwMDYiLCJpYXQiOjE3MzA4MzA4NjgsImV4cCI6MTczMDkxNzI2OH0.Orc9FC8McnaA-uRmeJdcxgqP0CAMddmJityi41P5xoA","createdat":"2024-11-05T18:21:08.564Z","customer_email":"cat@gmail.com","customer_generated_id":"C000006","customer_id":6,"customer_name":"cat","customer_password":"$2a$10$x/O6VHwCsK4w5EgLFYCqouYndkW2HN52zAhFoLlRZy6ur1AGLGD5C","customer_phonenumber":"6565656565","group_id":null,"isdeactivated":false,"lastloginat":null,"wallet_amount":null},"customer_id":"C000006","filename":"customerModels.js","level":"info","message":"Customer details retrieved:","timestamp":"2024-11-05T18:52:40.369Z","userId":"C000006"}
{"count":1,"customer_id":"C000006","filename":"customerModels.js","level":"info","message":"Customer addresses fetched for ID:","timestamp":"2024-11-05T18:52:40.371Z","userId":"C000006"}
{"filename":"corporateorderController.js","level":"info","message":"Token verified successfully","timestamp":"2024-11-05T18:52:40.376Z","userId":"C000006"}
{"0":"C","1":"0","2":"0","3":"0","4":"0","5":"0","6":"6","filename":"corporateorderModels.js","level":"info","message":"Fetching corporate carts for customer ID:","timestamp":"2024-11-05T18:52:40.376Z","userId":"C000006"}
{"0":"C","1":"0","2":"0","3":"0","4":"0","5":"0","6":"6","filename":"corporateorderModels.js","level":"info","message":"No carts found for customer ID:","timestamp":"2024-11-05T18:52:40.382Z","userId":"C000006"}
{"customer":{"access_token":"eyJhbGciOiJIUzI1NiIsInR5cCI6IkpXVCJ9.eyJlbWFpbCI6ImNhdEBnbWFpbC5jb20iLCJpZCI6IkMwMDAwMDYiLCJpYXQiOjE3MzA4MzA4NjgsImV4cCI6MTczMDkxNzI2OH0.Orc9FC8McnaA-uRmeJdcxgqP0CAMddmJityi41P5xoA","createdat":"2024-11-05T18:21:08.564Z","customer_email":"cat@gmail.com","customer_generated_id":"C000006","customer_id":6,"customer_name":"cat","customer_password":"$2a$10$x/O6VHwCsK4w5EgLFYCqouYndkW2HN52zAhFoLlRZy6ur1AGLGD5C","customer_phonenumber":"6565656565","group_id":null,"isdeactivated":false,"lastloginat":null,"wallet_amount":null},"customer_id":"C000006","filename":"customerModels.js","level":"info","message":"Customer details retrieved:","timestamp":"2024-11-05T18:52:40.383Z","userId":"C000006"}
{"count":1,"customer_id":"C000006","filename":"customerModels.js","level":"info","message":"Customer addresses fetched for ID:","timestamp":"2024-11-05T18:52:40.386Z","userId":"C000006"}
{"filename":"categoryModels.js","level":"info","message":"Corporate categories fetched successfully","timestamp":"2024-11-05T18:52:42.345Z","userId":"C000006"}
{"filename":"corporateorderController.js","level":"info","message":"Token verified successfully for fetching cart count","timestamp":"2024-11-05T18:52:42.355Z","userId":"C000006"}
{"customer":{"access_token":"eyJhbGciOiJIUzI1NiIsInR5cCI6IkpXVCJ9.eyJlbWFpbCI6ImNhdEBnbWFpbC5jb20iLCJpZCI6IkMwMDAwMDYiLCJpYXQiOjE3MzA4MzA4NjgsImV4cCI6MTczMDkxNzI2OH0.Orc9FC8McnaA-uRmeJdcxgqP0CAMddmJityi41P5xoA","createdat":"2024-11-05T18:21:08.564Z","customer_email":"cat@gmail.com","customer_generated_id":"C000006","customer_id":6,"customer_name":"cat","customer_password":"$2a$10$x/O6VHwCsK4w5EgLFYCqouYndkW2HN52zAhFoLlRZy6ur1AGLGD5C","customer_phonenumber":"6565656565","group_id":null,"isdeactivated":false,"lastloginat":null,"wallet_amount":null},"customer_id":"C000006","filename":"customerModels.js","level":"info","message":"Customer details retrieved:","timestamp":"2024-11-05T18:52:42.356Z","userId":"C000006"}
{"customer_id":"C000006","filename":"corporateorderModels.js","level":"info","message":"Retrieved cart count :","result":{"total_quantity":null},"timestamp":"2024-11-05T18:52:42.360Z","userId":"C000006"}
{"filename":"categoryModels.js","level":"info","message":"Corporate categories fetched successfully","timestamp":"2024-11-05T18:52:42.363Z","userId":"C000006"}
{"filename":"corporateorderController.js","level":"info","message":"Token verified successfully for fetching cart count","timestamp":"2024-11-05T18:52:42.380Z","userId":"C000006"}
{"customer":{"access_token":"eyJhbGciOiJIUzI1NiIsInR5cCI6IkpXVCJ9.eyJlbWFpbCI6ImNhdEBnbWFpbC5jb20iLCJpZCI6IkMwMDAwMDYiLCJpYXQiOjE3MzA4MzA4NjgsImV4cCI6MTczMDkxNzI2OH0.Orc9FC8McnaA-uRmeJdcxgqP0CAMddmJityi41P5xoA","createdat":"2024-11-05T18:21:08.564Z","customer_email":"cat@gmail.com","customer_generated_id":"C000006","customer_id":6,"customer_name":"cat","customer_password":"$2a$10$x/O6VHwCsK4w5EgLFYCqouYndkW2HN52zAhFoLlRZy6ur1AGLGD5C","customer_phonenumber":"6565656565","group_id":null,"isdeactivated":false,"lastloginat":null,"wallet_amount":null},"customer_id":"C000006","filename":"customerModels.js","level":"info","message":"Customer details retrieved:","timestamp":"2024-11-05T18:52:42.384Z","userId":"C000006"}
{"customer_id":"C000006","filename":"corporateorderModels.js","level":"info","message":"Retrieved cart count :","result":{"total_quantity":null},"timestamp":"2024-11-05T18:52:42.388Z","userId":"C000006"}
{"customer_email":"dog@gmail.com","filename":"customerModels.js","level":"info","message":"User data added successfully","timestamp":"2024-11-05T18:53:31.029Z","userId":"C000006"}
{"filename":"categoryModels.js","level":"info","message":"Corporate categories fetched successfully","timestamp":"2024-11-05T18:53:31.137Z","userId":"C000007"}
{"filename":"corporateorderController.js","level":"info","message":"Token verified successfully for fetching cart count","timestamp":"2024-11-05T18:53:31.144Z","userId":"C000007"}
{"customer":{"access_token":"eyJhbGciOiJIUzI1NiIsInR5cCI6IkpXVCJ9.eyJlbWFpbCI6ImRvZ0BnbWFpbC5jb20iLCJpZCI6IkMwMDAwMDciLCJpYXQiOjE3MzA4MzI4MTEsImV4cCI6MTczMDkxOTIxMX0.zV6pFk1C_I-J2F10RIaf6xcGLRuDF6I_dgijP3kFv1c","createdat":"2024-11-05T18:53:31.025Z","customer_email":"dog@gmail.com","customer_generated_id":"C000007","customer_id":7,"customer_name":"dog","customer_password":"$2a$10$8uYsw/gH7qFf4fUgwcGIW..0.7FcpFLxXxr6IB7GAGboreWSeVz9C","customer_phonenumber":"6565656565","group_id":null,"isdeactivated":false,"lastloginat":null,"wallet_amount":null},"customer_id":"C000007","filename":"customerModels.js","level":"info","message":"Customer details retrieved:","timestamp":"2024-11-05T18:53:31.146Z","userId":"C000007"}
{"customer_id":"C000007","filename":"corporateorderModels.js","level":"info","message":"Retrieved cart count :","result":{"total_quantity":null},"timestamp":"2024-11-05T18:53:31.149Z","userId":"C000007"}
{"filename":"corporateorderController.js","level":"info","message":"Token verified successfully for fetching cart count","timestamp":"2024-11-05T18:53:31.164Z","userId":"C000007"}
{"count":0,"customer_id":"C000007","filename":"customerModels.js","level":"info","message":"Addresses retrieved for customer ID:","timestamp":"2024-11-05T18:53:31.169Z","userId":"C000007"}
{"filename":"categoryModels.js","level":"info","message":"Corporate categories fetched successfully","timestamp":"2024-11-05T18:53:31.177Z","userId":"C000007"}
{"customer":{"access_token":"eyJhbGciOiJIUzI1NiIsInR5cCI6IkpXVCJ9.eyJlbWFpbCI6ImRvZ0BnbWFpbC5jb20iLCJpZCI6IkMwMDAwMDciLCJpYXQiOjE3MzA4MzI4MTEsImV4cCI6MTczMDkxOTIxMX0.zV6pFk1C_I-J2F10RIaf6xcGLRuDF6I_dgijP3kFv1c","createdat":"2024-11-05T18:53:31.025Z","customer_email":"dog@gmail.com","customer_generated_id":"C000007","customer_id":7,"customer_name":"dog","customer_password":"$2a$10$8uYsw/gH7qFf4fUgwcGIW..0.7FcpFLxXxr6IB7GAGboreWSeVz9C","customer_phonenumber":"6565656565","group_id":null,"isdeactivated":false,"lastloginat":null,"wallet_amount":null},"customer_id":"C000007","filename":"customerModels.js","level":"info","message":"Customer details retrieved:","timestamp":"2024-11-05T18:53:31.181Z","userId":"C000007"}
{"customer_id":"C000007","filename":"corporateorderModels.js","level":"info","message":"Retrieved cart count :","result":{"total_quantity":null},"timestamp":"2024-11-05T18:53:31.188Z","userId":"C000007"}
{"count":0,"customer_id":"C000007","filename":"customerModels.js","level":"info","message":"Addresses retrieved for customer ID:","timestamp":"2024-11-05T18:53:31.190Z","userId":"C000007"}
{"filename":"corporateorderController.js","level":"info","message":"Token verified successfully","timestamp":"2024-11-05T18:53:34.044Z","userId":"C000007"}
{"0":"C","1":"0","2":"0","3":"0","4":"0","5":"0","6":"7","filename":"corporateorderModels.js","level":"info","message":"Fetching corporate carts for customer ID:","timestamp":"2024-11-05T18:53:34.045Z","userId":"C000007"}
{"customer":{"access_token":"eyJhbGciOiJIUzI1NiIsInR5cCI6IkpXVCJ9.eyJlbWFpbCI6ImRvZ0BnbWFpbC5jb20iLCJpZCI6IkMwMDAwMDciLCJpYXQiOjE3MzA4MzI4MTEsImV4cCI6MTczMDkxOTIxMX0.zV6pFk1C_I-J2F10RIaf6xcGLRuDF6I_dgijP3kFv1c","createdat":"2024-11-05T18:53:31.025Z","customer_email":"dog@gmail.com","customer_generated_id":"C000007","customer_id":7,"customer_name":"dog","customer_password":"$2a$10$8uYsw/gH7qFf4fUgwcGIW..0.7FcpFLxXxr6IB7GAGboreWSeVz9C","customer_phonenumber":"6565656565","group_id":null,"isdeactivated":false,"lastloginat":null,"wallet_amount":null},"customer_id":"C000007","filename":"customerModels.js","level":"info","message":"Customer details retrieved:","timestamp":"2024-11-05T18:53:34.047Z","userId":"C000007"}
{"0":"C","1":"0","2":"0","3":"0","4":"0","5":"0","6":"7","filename":"corporateorderModels.js","level":"info","message":"No carts found for customer ID:","timestamp":"2024-11-05T18:53:34.048Z","userId":"C000007"}
{"count":0,"customer_id":"C000007","filename":"customerModels.js","level":"info","message":"Customer addresses fetched for ID:","timestamp":"2024-11-05T18:53:34.054Z","userId":"C000007"}
{"filename":"corporateorderController.js","level":"info","message":"Token verified successfully","timestamp":"2024-11-05T18:53:34.081Z","userId":"C000007"}
{"0":"C","1":"0","2":"0","3":"0","4":"0","5":"0","6":"7","filename":"corporateorderModels.js","level":"info","message":"Fetching corporate carts for customer ID:","timestamp":"2024-11-05T18:53:34.081Z","userId":"C000007"}
{"customer":{"access_token":"eyJhbGciOiJIUzI1NiIsInR5cCI6IkpXVCJ9.eyJlbWFpbCI6ImRvZ0BnbWFpbC5jb20iLCJpZCI6IkMwMDAwMDciLCJpYXQiOjE3MzA4MzI4MTEsImV4cCI6MTczMDkxOTIxMX0.zV6pFk1C_I-J2F10RIaf6xcGLRuDF6I_dgijP3kFv1c","createdat":"2024-11-05T18:53:31.025Z","customer_email":"dog@gmail.com","customer_generated_id":"C000007","customer_id":7,"customer_name":"dog","customer_password":"$2a$10$8uYsw/gH7qFf4fUgwcGIW..0.7FcpFLxXxr6IB7GAGboreWSeVz9C","customer_phonenumber":"6565656565","group_id":null,"isdeactivated":false,"lastloginat":null,"wallet_amount":null},"customer_id":"C000007","filename":"customerModels.js","level":"info","message":"Customer details retrieved:","timestamp":"2024-11-05T18:53:34.083Z","userId":"C000007"}
{"0":"C","1":"0","2":"0","3":"0","4":"0","5":"0","6":"7","filename":"corporateorderModels.js","level":"info","message":"No carts found for customer ID:","timestamp":"2024-11-05T18:53:34.089Z","userId":"C000007"}
{"count":0,"customer_id":"C000007","filename":"customerModels.js","level":"info","message":"Customer addresses fetched for ID:","timestamp":"2024-11-05T18:53:34.093Z","userId":"C000007"}
{"filename":"categoryModels.js","level":"info","message":"Corporate categories fetched successfully","timestamp":"2024-11-05T18:53:39.562Z","userId":"C000007"}
{"count":0,"customer_id":"C000007","filename":"customerModels.js","level":"info","message":"Addresses retrieved for customer ID:","timestamp":"2024-11-05T18:53:39.632Z","userId":"C000007"}
{"filename":"corporateorderController.js","level":"info","message":"Token verified successfully for fetching cart count","timestamp":"2024-11-05T18:53:39.658Z","userId":"C000007"}
{"customer":{"access_token":"eyJhbGciOiJIUzI1NiIsInR5cCI6IkpXVCJ9.eyJlbWFpbCI6ImRvZ0BnbWFpbC5jb20iLCJpZCI6IkMwMDAwMDciLCJpYXQiOjE3MzA4MzI4MTEsImV4cCI6MTczMDkxOTIxMX0.zV6pFk1C_I-J2F10RIaf6xcGLRuDF6I_dgijP3kFv1c","createdat":"2024-11-05T18:53:31.025Z","customer_email":"dog@gmail.com","customer_generated_id":"C000007","customer_id":7,"customer_name":"dog","customer_password":"$2a$10$8uYsw/gH7qFf4fUgwcGIW..0.7FcpFLxXxr6IB7GAGboreWSeVz9C","customer_phonenumber":"6565656565","group_id":null,"isdeactivated":false,"lastloginat":null,"wallet_amount":null},"customer_id":"C000007","filename":"customerModels.js","level":"info","message":"Customer details retrieved:","timestamp":"2024-11-05T18:53:39.663Z","userId":"C000007"}
{"filename":"categoryModels.js","level":"info","message":"Corporate categories fetched successfully","timestamp":"2024-11-05T18:53:39.668Z","userId":"C000007"}
{"customer_id":"C000007","filename":"corporateorderModels.js","level":"info","message":"Retrieved cart count :","result":{"total_quantity":null},"timestamp":"2024-11-05T18:53:39.680Z","userId":"C000007"}
{"count":0,"customer_id":"C000007","filename":"customerModels.js","level":"info","message":"Addresses retrieved for customer ID:","timestamp":"2024-11-05T18:53:39.683Z","userId":"C000007"}
{"filename":"corporateorderController.js","level":"info","message":"Token verified successfully for fetching cart count","timestamp":"2024-11-05T18:53:39.703Z","userId":"C000007"}
{"customer":{"access_token":"eyJhbGciOiJIUzI1NiIsInR5cCI6IkpXVCJ9.eyJlbWFpbCI6ImRvZ0BnbWFpbC5jb20iLCJpZCI6IkMwMDAwMDciLCJpYXQiOjE3MzA4MzI4MTEsImV4cCI6MTczMDkxOTIxMX0.zV6pFk1C_I-J2F10RIaf6xcGLRuDF6I_dgijP3kFv1c","createdat":"2024-11-05T18:53:31.025Z","customer_email":"dog@gmail.com","customer_generated_id":"C000007","customer_id":7,"customer_name":"dog","customer_password":"$2a$10$8uYsw/gH7qFf4fUgwcGIW..0.7FcpFLxXxr6IB7GAGboreWSeVz9C","customer_phonenumber":"6565656565","group_id":null,"isdeactivated":false,"lastloginat":null,"wallet_amount":null},"customer_id":"C000007","filename":"customerModels.js","level":"info","message":"Customer details retrieved:","timestamp":"2024-11-05T18:53:39.704Z","userId":"C000007"}
{"customer_id":"C000007","filename":"corporateorderModels.js","level":"info","message":"Retrieved cart count :","result":{"total_quantity":null},"timestamp":"2024-11-05T18:53:39.707Z","userId":"C000007"}
{"filename":"addressController.js","level":"info","message":"Token verified successfully for default address retrieval","timestamp":"2024-11-05T18:53:41.942Z","userEmail":"dog@gmail.com","userId":"C000007"}
{"0":"d","1":"o","10":"c","11":"o","12":"m","2":"g","3":"@","4":"g","5":"m","6":"a","7":"i","8":"l","9":".","filename":"addressModels.js","level":"info","message":"Default address retrieved successfully for customer email:","timestamp":"2024-11-05T18:53:41.944Z","userId":"C000007"}
{"filename":"addressController.js","level":"info","message":"Default address retrieved successfully for user","timestamp":"2024-11-05T18:53:41.944Z","userEmail":"dog@gmail.com","userId":"C000007"}
{"filename":"addressController.js","level":"info","message":"Token verified successfully for default address retrieval","timestamp":"2024-11-05T18:53:41.956Z","userEmail":"dog@gmail.com","userId":"C000007"}
{"0":"d","1":"o","10":"c","11":"o","12":"m","2":"g","3":"@","4":"g","5":"m","6":"a","7":"i","8":"l","9":".","filename":"addressModels.js","level":"info","message":"Default address retrieved successfully for customer email:","timestamp":"2024-11-05T18:53:41.959Z","userId":"C000007"}
{"filename":"addressController.js","level":"info","message":"Default address retrieved successfully for user","timestamp":"2024-11-05T18:53:41.960Z","userEmail":"dog@gmail.com","userId":"C000007"}
{"filename":"corporateorderController.js","level":"info","message":"Token verified successfully","timestamp":"2024-11-05T18:53:49.737Z","userId":"C000007"}
{"0":"C","1":"0","2":"0","3":"0","4":"0","5":"0","6":"7","filename":"corporateorderModels.js","level":"info","message":"Fetching corporate carts for customer ID:","timestamp":"2024-11-05T18:53:49.739Z","userId":"C000007"}
{"customer":{"access_token":"eyJhbGciOiJIUzI1NiIsInR5cCI6IkpXVCJ9.eyJlbWFpbCI6ImRvZ0BnbWFpbC5jb20iLCJpZCI6IkMwMDAwMDciLCJpYXQiOjE3MzA4MzI4MTEsImV4cCI6MTczMDkxOTIxMX0.zV6pFk1C_I-J2F10RIaf6xcGLRuDF6I_dgijP3kFv1c","createdat":"2024-11-05T18:53:31.025Z","customer_email":"dog@gmail.com","customer_generated_id":"C000007","customer_id":7,"customer_name":"dog","customer_password":"$2a$10$8uYsw/gH7qFf4fUgwcGIW..0.7FcpFLxXxr6IB7GAGboreWSeVz9C","customer_phonenumber":"6565656565","group_id":null,"isdeactivated":false,"lastloginat":null,"wallet_amount":null},"customer_id":"C000007","filename":"customerModels.js","level":"info","message":"Customer details retrieved:","timestamp":"2024-11-05T18:53:49.742Z","userId":"C000007"}
{"0":"C","1":"0","2":"0","3":"0","4":"0","5":"0","6":"7","filename":"corporateorderModels.js","level":"info","message":"No carts found for customer ID:","timestamp":"2024-11-05T18:53:49.744Z","userId":"C000007"}
{"count":0,"customer_id":"C000007","filename":"customerModels.js","level":"info","message":"Customer addresses fetched for ID:","timestamp":"2024-11-05T18:53:49.750Z","userId":"C000007"}
{"filename":"corporateorderController.js","level":"info","message":"Token verified successfully","timestamp":"2024-11-05T18:53:49.763Z","userId":"C000007"}
{"0":"C","1":"0","2":"0","3":"0","4":"0","5":"0","6":"7","filename":"corporateorderModels.js","level":"info","message":"Fetching corporate carts for customer ID:","timestamp":"2024-11-05T18:53:49.765Z","userId":"C000007"}
{"0":"C","1":"0","2":"0","3":"0","4":"0","5":"0","6":"7","filename":"corporateorderModels.js","level":"info","message":"No carts found for customer ID:","timestamp":"2024-11-05T18:53:49.769Z","userId":"C000007"}
{"customer":{"access_token":"eyJhbGciOiJIUzI1NiIsInR5cCI6IkpXVCJ9.eyJlbWFpbCI6ImRvZ0BnbWFpbC5jb20iLCJpZCI6IkMwMDAwMDciLCJpYXQiOjE3MzA4MzI4MTEsImV4cCI6MTczMDkxOTIxMX0.zV6pFk1C_I-J2F10RIaf6xcGLRuDF6I_dgijP3kFv1c","createdat":"2024-11-05T18:53:31.025Z","customer_email":"dog@gmail.com","customer_generated_id":"C000007","customer_id":7,"customer_name":"dog","customer_password":"$2a$10$8uYsw/gH7qFf4fUgwcGIW..0.7FcpFLxXxr6IB7GAGboreWSeVz9C","customer_phonenumber":"6565656565","group_id":null,"isdeactivated":false,"lastloginat":null,"wallet_amount":null},"customer_id":"C000007","filename":"customerModels.js","level":"info","message":"Customer details retrieved:","timestamp":"2024-11-05T18:53:49.772Z","userId":"C000007"}
{"count":0,"customer_id":"C000007","filename":"customerModels.js","level":"info","message":"Customer addresses fetched for ID:","timestamp":"2024-11-05T18:53:49.778Z","userId":"C000007"}
{"filename":"categoryModels.js","level":"info","message":"Corporate categories fetched successfully","timestamp":"2024-11-05T18:53:54.495Z","userId":"C000007"}
{"filename":"corporateorderController.js","level":"info","message":"Token verified successfully for fetching cart count","timestamp":"2024-11-05T18:53:54.502Z","userId":"C000007"}
{"customer":{"access_token":"eyJhbGciOiJIUzI1NiIsInR5cCI6IkpXVCJ9.eyJlbWFpbCI6ImRvZ0BnbWFpbC5jb20iLCJpZCI6IkMwMDAwMDciLCJpYXQiOjE3MzA4MzI4MTEsImV4cCI6MTczMDkxOTIxMX0.zV6pFk1C_I-J2F10RIaf6xcGLRuDF6I_dgijP3kFv1c","createdat":"2024-11-05T18:53:31.025Z","customer_email":"dog@gmail.com","customer_generated_id":"C000007","customer_id":7,"customer_name":"dog","customer_password":"$2a$10$8uYsw/gH7qFf4fUgwcGIW..0.7FcpFLxXxr6IB7GAGboreWSeVz9C","customer_phonenumber":"6565656565","group_id":null,"isdeactivated":false,"lastloginat":null,"wallet_amount":null},"customer_id":"C000007","filename":"customerModels.js","level":"info","message":"Customer details retrieved:","timestamp":"2024-11-05T18:53:54.506Z","userId":"C000007"}
{"customer_id":"C000007","filename":"corporateorderModels.js","level":"info","message":"Retrieved cart count :","result":{"total_quantity":null},"timestamp":"2024-11-05T18:53:54.515Z","userId":"C000007"}
{"count":0,"customer_id":"C000007","filename":"customerModels.js","level":"info","message":"Addresses retrieved for customer ID:","timestamp":"2024-11-05T18:53:54.518Z","userId":"C000007"}
{"filename":"categoryModels.js","level":"info","message":"Corporate categories fetched successfully","timestamp":"2024-11-05T18:53:54.522Z","userId":"C000007"}
{"filename":"corporateorderController.js","level":"info","message":"Token verified successfully for fetching cart count","timestamp":"2024-11-05T18:53:54.530Z","userId":"C000007"}
{"customer":{"access_token":"eyJhbGciOiJIUzI1NiIsInR5cCI6IkpXVCJ9.eyJlbWFpbCI6ImRvZ0BnbWFpbC5jb20iLCJpZCI6IkMwMDAwMDciLCJpYXQiOjE3MzA4MzI4MTEsImV4cCI6MTczMDkxOTIxMX0.zV6pFk1C_I-J2F10RIaf6xcGLRuDF6I_dgijP3kFv1c","createdat":"2024-11-05T18:53:31.025Z","customer_email":"dog@gmail.com","customer_generated_id":"C000007","customer_id":7,"customer_name":"dog","customer_password":"$2a$10$8uYsw/gH7qFf4fUgwcGIW..0.7FcpFLxXxr6IB7GAGboreWSeVz9C","customer_phonenumber":"6565656565","group_id":null,"isdeactivated":false,"lastloginat":null,"wallet_amount":null},"customer_id":"C000007","filename":"customerModels.js","level":"info","message":"Customer details retrieved:","timestamp":"2024-11-05T18:53:54.536Z","userId":"C000007"}
{"count":0,"customer_id":"C000007","filename":"customerModels.js","level":"info","message":"Addresses retrieved for customer ID:","timestamp":"2024-11-05T18:53:54.538Z","userId":"C000007"}
{"customer_id":"C000007","filename":"corporateorderModels.js","level":"info","message":"Retrieved cart count :","result":{"total_quantity":null},"timestamp":"2024-11-05T18:53:54.540Z","userId":"C000007"}
{"filename":"addressController.js","level":"info","message":"Token verified successfully for default address retrieval","timestamp":"2024-11-05T18:53:56.521Z","userEmail":"dog@gmail.com","userId":"C000007"}
{"0":"d","1":"o","10":"c","11":"o","12":"m","2":"g","3":"@","4":"g","5":"m","6":"a","7":"i","8":"l","9":".","filename":"addressModels.js","level":"info","message":"Default address retrieved successfully for customer email:","timestamp":"2024-11-05T18:53:56.523Z","userId":"C000007"}
{"filename":"addressController.js","level":"info","message":"Default address retrieved successfully for user","timestamp":"2024-11-05T18:53:56.524Z","userEmail":"dog@gmail.com","userId":"C000007"}
{"filename":"addressController.js","level":"info","message":"Token verified successfully for default address retrieval","timestamp":"2024-11-05T18:53:56.532Z","userEmail":"dog@gmail.com","userId":"C000007"}
{"0":"d","1":"o","10":"c","11":"o","12":"m","2":"g","3":"@","4":"g","5":"m","6":"a","7":"i","8":"l","9":".","filename":"addressModels.js","level":"info","message":"Default address retrieved successfully for customer email:","timestamp":"2024-11-05T18:53:56.537Z","userId":"C000007"}
{"filename":"addressController.js","level":"info","message":"Default address retrieved successfully for user","timestamp":"2024-11-05T18:53:56.538Z","userEmail":"dog@gmail.com","userId":"C000007"}
{"filename":"categoryModels.js","level":"info","message":"Corporate categories fetched successfully","timestamp":"2024-11-05T18:54:29.113Z","userId":"C000007"}
{"filename":"corporateorderController.js","level":"info","message":"Token verified successfully for fetching cart count","timestamp":"2024-11-05T18:54:29.137Z","userId":"C000007"}
{"count":0,"customer_id":"C000007","filename":"customerModels.js","level":"info","message":"Addresses retrieved for customer ID:","timestamp":"2024-11-05T18:54:29.140Z","userId":"C000007"}
{"customer":{"access_token":"eyJhbGciOiJIUzI1NiIsInR5cCI6IkpXVCJ9.eyJlbWFpbCI6ImRvZ0BnbWFpbC5jb20iLCJpZCI6IkMwMDAwMDciLCJpYXQiOjE3MzA4MzI4MTEsImV4cCI6MTczMDkxOTIxMX0.zV6pFk1C_I-J2F10RIaf6xcGLRuDF6I_dgijP3kFv1c","createdat":"2024-11-05T18:53:31.025Z","customer_email":"dog@gmail.com","customer_generated_id":"C000007","customer_id":7,"customer_name":"dog","customer_password":"$2a$10$8uYsw/gH7qFf4fUgwcGIW..0.7FcpFLxXxr6IB7GAGboreWSeVz9C","customer_phonenumber":"6565656565","group_id":null,"isdeactivated":false,"lastloginat":null,"wallet_amount":null},"customer_id":"C000007","filename":"customerModels.js","level":"info","message":"Customer details retrieved:","timestamp":"2024-11-05T18:54:29.143Z","userId":"C000007"}
{"customer_id":"C000007","filename":"corporateorderModels.js","level":"info","message":"Retrieved cart count :","result":{"total_quantity":null},"timestamp":"2024-11-05T18:54:29.145Z","userId":"C000007"}
{"filename":"categoryModels.js","level":"info","message":"Corporate categories fetched successfully","timestamp":"2024-11-05T18:54:29.160Z","userId":"C000007"}
{"filename":"corporateorderController.js","level":"info","message":"Token verified successfully for fetching cart count","timestamp":"2024-11-05T18:54:29.172Z","userId":"C000007"}
{"customer":{"access_token":"eyJhbGciOiJIUzI1NiIsInR5cCI6IkpXVCJ9.eyJlbWFpbCI6ImRvZ0BnbWFpbC5jb20iLCJpZCI6IkMwMDAwMDciLCJpYXQiOjE3MzA4MzI4MTEsImV4cCI6MTczMDkxOTIxMX0.zV6pFk1C_I-J2F10RIaf6xcGLRuDF6I_dgijP3kFv1c","createdat":"2024-11-05T18:53:31.025Z","customer_email":"dog@gmail.com","customer_generated_id":"C000007","customer_id":7,"customer_name":"dog","customer_password":"$2a$10$8uYsw/gH7qFf4fUgwcGIW..0.7FcpFLxXxr6IB7GAGboreWSeVz9C","customer_phonenumber":"6565656565","group_id":null,"isdeactivated":false,"lastloginat":null,"wallet_amount":null},"customer_id":"C000007","filename":"customerModels.js","level":"info","message":"Customer details retrieved:","timestamp":"2024-11-05T18:54:29.180Z","userId":"C000007"}
{"count":0,"customer_id":"C000007","filename":"customerModels.js","level":"info","message":"Addresses retrieved for customer ID:","timestamp":"2024-11-05T18:54:29.185Z","userId":"C000007"}
{"customer_id":"C000007","filename":"corporateorderModels.js","level":"info","message":"Retrieved cart count :","result":{"total_quantity":null},"timestamp":"2024-11-05T18:54:29.191Z","userId":"C000007"}
{"filename":"addressController.js","level":"info","message":"Token verified successfully for default address retrieval","timestamp":"2024-11-05T18:54:31.662Z","userEmail":"dog@gmail.com","userId":"C000007"}
{"0":"d","1":"o","10":"c","11":"o","12":"m","2":"g","3":"@","4":"g","5":"m","6":"a","7":"i","8":"l","9":".","filename":"addressModels.js","level":"info","message":"Default address retrieved successfully for customer email:","timestamp":"2024-11-05T18:54:31.664Z","userId":"C000007"}
{"filename":"addressController.js","level":"info","message":"Default address retrieved successfully for user","timestamp":"2024-11-05T18:54:31.664Z","userEmail":"dog@gmail.com","userId":"C000007"}
{"filename":"addressController.js","level":"info","message":"Token verified successfully for default address retrieval","timestamp":"2024-11-05T18:54:31.672Z","userEmail":"dog@gmail.com","userId":"C000007"}
{"0":"d","1":"o","10":"c","11":"o","12":"m","2":"g","3":"@","4":"g","5":"m","6":"a","7":"i","8":"l","9":".","filename":"addressModels.js","level":"info","message":"Default address retrieved successfully for customer email:","timestamp":"2024-11-05T18:54:31.676Z","userId":"C000007"}
{"filename":"addressController.js","level":"info","message":"Default address retrieved successfully for user","timestamp":"2024-11-05T18:54:31.676Z","userEmail":"dog@gmail.com","userId":"C000007"}
{"filename":"addressController.js","level":"info","message":"Received token for address creation: ","timestamp":"2024-11-05T18:55:00.902Z","token":"eyJhbGciOiJIUzI1NiIsInR5cCI6IkpXVCJ9.eyJlbWFpbCI6ImRvZ0BnbWFpbC5jb20iLCJpZCI6IkMwMDAwMDciLCJpYXQiOjE3MzA4MzI4MTEsImV4cCI6MTczMDkxOTIxMX0.zV6pFk1C_I-J2F10RIaf6xcGLRuDF6I_dgijP3kFv1c","userId":"C000007"}
{"filename":"addressController.js","level":"info","message":"Token verified successfully","timestamp":"2024-11-05T18:55:00.913Z","userId":"C000007"}
{"0":"C","1":"0","2":"0","3":"0","4":"0","5":"0","6":"7","filename":"addressModels.js","level":"info","message":"Address added successfully for customer ID:","timestamp":"2024-11-05T18:55:00.922Z","userId":"C000007"}
{"filename":"addressController.js","level":"info","message":"Address stored successfully for user","timestamp":"2024-11-05T18:55:00.924Z","userId":"C000007"}
{"count":1,"customer_id":"C000007","filename":"customerModels.js","level":"info","message":"Addresses retrieved for customer ID:","timestamp":"2024-11-05T18:55:00.975Z","userId":"C000007"}
{"filename":"corporateorderController.js","level":"info","message":"Token verified successfully","timestamp":"2024-11-05T18:55:03.933Z","userId":"C000007"}
{"0":"C","1":"0","2":"0","3":"0","4":"0","5":"0","6":"7","filename":"corporateorderModels.js","level":"info","message":"Fetching corporate carts for customer ID:","timestamp":"2024-11-05T18:55:03.934Z","userId":"C000007"}
{"customer":{"access_token":"eyJhbGciOiJIUzI1NiIsInR5cCI6IkpXVCJ9.eyJlbWFpbCI6ImRvZ0BnbWFpbC5jb20iLCJpZCI6IkMwMDAwMDciLCJpYXQiOjE3MzA4MzI4MTEsImV4cCI6MTczMDkxOTIxMX0.zV6pFk1C_I-J2F10RIaf6xcGLRuDF6I_dgijP3kFv1c","createdat":"2024-11-05T18:53:31.025Z","customer_email":"dog@gmail.com","customer_generated_id":"C000007","customer_id":7,"customer_name":"dog","customer_password":"$2a$10$8uYsw/gH7qFf4fUgwcGIW..0.7FcpFLxXxr6IB7GAGboreWSeVz9C","customer_phonenumber":"6565656565","group_id":null,"isdeactivated":false,"lastloginat":null,"wallet_amount":null},"customer_id":"C000007","filename":"customerModels.js","level":"info","message":"Customer details retrieved:","timestamp":"2024-11-05T18:55:03.935Z","userId":"C000007"}
{"0":"C","1":"0","2":"0","3":"0","4":"0","5":"0","6":"7","filename":"corporateorderModels.js","level":"info","message":"No carts found for customer ID:","timestamp":"2024-11-05T18:55:03.938Z","userId":"C000007"}
{"count":1,"customer_id":"C000007","filename":"customerModels.js","level":"info","message":"Customer addresses fetched for ID:","timestamp":"2024-11-05T18:55:03.942Z","userId":"C000007"}
{"filename":"corporateorderController.js","level":"info","message":"Token verified successfully","timestamp":"2024-11-05T18:55:03.950Z","userId":"C000007"}
{"0":"C","1":"0","2":"0","3":"0","4":"0","5":"0","6":"7","filename":"corporateorderModels.js","level":"info","message":"Fetching corporate carts for customer ID:","timestamp":"2024-11-05T18:55:03.953Z","userId":"C000007"}
{"0":"C","1":"0","2":"0","3":"0","4":"0","5":"0","6":"7","filename":"corporateorderModels.js","level":"info","message":"No carts found for customer ID:","timestamp":"2024-11-05T18:55:03.960Z","userId":"C000007"}
{"customer":{"access_token":"eyJhbGciOiJIUzI1NiIsInR5cCI6IkpXVCJ9.eyJlbWFpbCI6ImRvZ0BnbWFpbC5jb20iLCJpZCI6IkMwMDAwMDciLCJpYXQiOjE3MzA4MzI4MTEsImV4cCI6MTczMDkxOTIxMX0.zV6pFk1C_I-J2F10RIaf6xcGLRuDF6I_dgijP3kFv1c","createdat":"2024-11-05T18:53:31.025Z","customer_email":"dog@gmail.com","customer_generated_id":"C000007","customer_id":7,"customer_name":"dog","customer_password":"$2a$10$8uYsw/gH7qFf4fUgwcGIW..0.7FcpFLxXxr6IB7GAGboreWSeVz9C","customer_phonenumber":"6565656565","group_id":null,"isdeactivated":false,"lastloginat":null,"wallet_amount":null},"customer_id":"C000007","filename":"customerModels.js","level":"info","message":"Customer details retrieved:","timestamp":"2024-11-05T18:55:03.962Z","userId":"C000007"}
{"count":1,"customer_id":"C000007","filename":"customerModels.js","level":"info","message":"Customer addresses fetched for ID:","timestamp":"2024-11-05T18:55:03.965Z","userId":"C000007"}
{"filename":"corporateorderController.js","level":"info","message":"Token verified successfully","timestamp":"2024-11-05T18:57:46.345Z","userId":"C000007"}
{"0":"C","1":"0","2":"0","3":"0","4":"0","5":"0","6":"7","filename":"corporateorderModels.js","level":"info","message":"Fetching corporate carts for customer ID:","timestamp":"2024-11-05T18:57:46.345Z","userId":"C000007"}
{"0":"C","1":"0","2":"0","3":"0","4":"0","5":"0","6":"7","filename":"corporateorderModels.js","level":"info","message":"No carts found for customer ID:","timestamp":"2024-11-05T18:57:46.346Z","userId":"C000007"}
{"customer":{"access_token":"eyJhbGciOiJIUzI1NiIsInR5cCI6IkpXVCJ9.eyJlbWFpbCI6ImRvZ0BnbWFpbC5jb20iLCJpZCI6IkMwMDAwMDciLCJpYXQiOjE3MzA4MzI4MTEsImV4cCI6MTczMDkxOTIxMX0.zV6pFk1C_I-J2F10RIaf6xcGLRuDF6I_dgijP3kFv1c","createdat":"2024-11-05T18:53:31.025Z","customer_email":"dog@gmail.com","customer_generated_id":"C000007","customer_id":7,"customer_name":"dog","customer_password":"$2a$10$8uYsw/gH7qFf4fUgwcGIW..0.7FcpFLxXxr6IB7GAGboreWSeVz9C","customer_phonenumber":"6565656565","group_id":null,"isdeactivated":false,"lastloginat":null,"wallet_amount":null},"customer_id":"C000007","filename":"customerModels.js","level":"info","message":"Customer details retrieved:","timestamp":"2024-11-05T18:57:46.362Z","userId":"C000007"}
{"count":1,"customer_id":"C000007","filename":"customerModels.js","level":"info","message":"Customer addresses fetched for ID:","timestamp":"2024-11-05T18:57:46.365Z","userId":"C000007"}
{"filename":"corporateorderController.js","level":"info","message":"Token verified successfully","timestamp":"2024-11-05T18:57:47.130Z","userId":"C000007"}
{"0":"C","1":"0","2":"0","3":"0","4":"0","5":"0","6":"5","filename":"corporateorderModels.js","level":"info","message":"Fetching corporate carts for customer ID:","timestamp":"2024-11-05T18:57:47.131Z","userId":"C000007"}
{"0":"C","1":"0","2":"0","3":"0","4":"0","5":"0","6":"5","filename":"corporateorderModels.js","level":"info","message":"Corporate carts fetched successfully: 1 carts for customer ID:","timestamp":"2024-11-05T18:57:47.136Z","userId":"C000007"}
{"customer":{"access_token":"eyJhbGciOiJIUzI1NiIsInR5cCI6IkpXVCJ9.eyJlbWFpbCI6ImJAZ21haWwuY29tIiwiaWQiOiJDMDAwMDA1IiwiaWF0IjoxNzMwODE2ODMxLCJleHAiOjE3MzA5MDMyMzF9.-16Hrfxk7EoyvJr8umF-BE72BbxiFlXHJ_lGX2oCjcA","createdat":"2024-11-05T14:27:11.651Z","customer_email":"b@gmail.com","customer_generated_id":"C000005","customer_id":5,"customer_name":"ball","customer_password":"$2a$10$2ynHp.2NQMdjzcAspoB7jOPbMfmvMVHIdg5Zpb0LyaE7Xd3Nv0oZe","customer_phonenumber":"6281936556","group_id":null,"isdeactivated":false,"lastloginat":null,"wallet_amount":null},"customer_id":"C000005","filename":"customerModels.js","level":"info","message":"Customer details retrieved:","timestamp":"2024-11-05T18:57:47.139Z","userId":"C000007"}
{"count":2,"customer_id":"C000005","filename":"customerModels.js","level":"info","message":"Customer addresses fetched for ID:","timestamp":"2024-11-05T18:57:47.143Z","userId":"C000007"}
