{"error":"Item not found in cart","filename":"corporateorderModels.js","level":"error","message":"Error deleting from cart:","timestamp":"2024-11-05T14:49:32.811Z","userId":"C000005"}
{"error":"Error deleting from the database","filename":"corporateorderController.js","level":"error","message":"Error deleting cart item","timestamp":"2024-11-05T14:49:32.813Z","userId":"C000005"}
{"code":"22P02","file":"numutils.c","filename":"eventorderModels.js","length":145,"level":"error","line":"320","message":"Error in getCartItems:","name":"error","routine":"pg_strtoint32","severity":"ERROR","timestamp":"2024-11-05T15:08:45.210Z","userId":"C000005","where":"unnamed portal parameter $1 = '...'"}
{"filename":"eventorderController.js","level":"error","message":"Error fetching cart items:","timestamp":"2024-11-05T15:08:45.210Z","userId":"C000005"}
{"error":{"expiredAt":"2024-11-05T06:26:02.000Z","message":"jwt expired","name":"TokenExpiredError"},"filename":"addressController.js","level":"error","message":"Token verification failed","timestamp":"2024-11-05T15:08:48.283Z","userId":"C000005"}
{"code":"22P02","file":"numutils.c","filename":"eventorderModels.js","length":145,"level":"error","line":"320","message":"Error in getCartItems:","name":"error","routine":"pg_strtoint32","severity":"ERROR","timestamp":"2024-11-05T15:08:48.385Z","userId":"C000005","where":"unnamed portal parameter $1 = '...'"}
{"filename":"eventorderController.js","level":"error","message":"Error fetching cart items:","timestamp":"2024-11-05T15:08:48.386Z","userId":"C000005"}
{"code":"22P02","file":"numutils.c","filename":"eventorderModels.js","length":145,"level":"error","line":"320","message":"Error in getCartItems:","name":"error","routine":"pg_strtoint32","severity":"ERROR","timestamp":"2024-11-05T15:08:48.642Z","userId":"C000005","where":"unnamed portal parameter $1 = '...'"}
{"filename":"eventorderController.js","level":"error","message":"Error fetching cart items:","timestamp":"2024-11-05T15:08:48.643Z","userId":"C000005"}
{"code":"22P02","file":"numutils.c","filename":"eventorderModels.js","length":145,"level":"error","line":"320","message":"Error in getCartItems:","name":"error","routine":"pg_strtoint32","severity":"ERROR","timestamp":"2024-11-05T15:09:00.458Z","userId":"C000005","where":"unnamed portal parameter $1 = '...'"}
{"filename":"eventorderController.js","level":"error","message":"Error fetching cart items:","timestamp":"2024-11-05T15:09:00.460Z","userId":"C000005"}
{"code":"22P02","file":"numutils.c","filename":"eventorderModels.js","length":145,"level":"error","line":"320","message":"Error in getCartItems:","name":"error","routine":"pg_strtoint32","severity":"ERROR","timestamp":"2024-11-05T15:09:06.965Z","userId":"C000005","where":"unnamed portal parameter $1 = '...'"}
{"filename":"eventorderController.js","level":"error","message":"Error fetching cart items:","timestamp":"2024-11-05T15:09:06.966Z","userId":"C000005"}
{"expiredAt":"2024-11-05T06:26:02.000Z","filename":"eventorderController.js","level":"error","message":"jwt expired","name":"TokenExpiredError","timestamp":"2024-11-05T15:09:16.041Z","userId":"C000005"}
{"code":"22P02","file":"numutils.c","filename":"eventorderModels.js","length":145,"level":"error","line":"320","message":"Error in getCartItems:","name":"error","routine":"pg_strtoint32","severity":"ERROR","timestamp":"2024-11-05T15:09:23.821Z","userId":"C000005","where":"unnamed portal parameter $1 = '...'"}
{"filename":"eventorderController.js","level":"error","message":"Error fetching cart items:","timestamp":"2024-11-05T15:09:23.826Z","userId":"C000005"}
{"code":"22P02","file":"numutils.c","filename":"eventorderModels.js","length":145,"level":"error","line":"320","message":"Error in getCartItems:","name":"error","routine":"pg_strtoint32","severity":"ERROR","timestamp":"2024-11-05T15:09:33.604Z","userId":"C000005","where":"unnamed portal parameter $1 = '...'"}
{"filename":"eventorderController.js","level":"error","message":"Error fetching cart items:","timestamp":"2024-11-05T15:09:33.605Z","userId":"C000005"}
{"code":"22P02","file":"numutils.c","filename":"eventorderModels.js","length":145,"level":"error","line":"320","message":"Error in getCartItems:","name":"error","routine":"pg_strtoint32","severity":"ERROR","timestamp":"2024-11-05T15:09:40.851Z","userId":"C000005","where":"unnamed portal parameter $1 = '...'"}
{"filename":"eventorderController.js","level":"error","message":"Error fetching cart items:","timestamp":"2024-11-05T15:09:40.852Z","userId":"C000005"}
{"code":"22P02","file":"numutils.c","filename":"eventorderModels.js","length":145,"level":"error","line":"320","message":"Error in getCartItems:","name":"error","routine":"pg_strtoint32","severity":"ERROR","timestamp":"2024-11-05T15:09:51.108Z","userId":"C000005","where":"unnamed portal parameter $1 = '...'"}
{"filename":"eventorderController.js","level":"error","message":"Error fetching cart items:","timestamp":"2024-11-05T15:09:51.111Z","userId":"C000005"}
{"code":"22P02","file":"numutils.c","filename":"eventorderModels.js","length":145,"level":"error","line":"320","message":"Error in getCartItems:","name":"error","routine":"pg_strtoint32","severity":"ERROR","timestamp":"2024-11-05T15:09:59.344Z","userId":"C000005","where":"unnamed portal parameter $1 = '...'"}
{"filename":"eventorderController.js","level":"error","message":"Error fetching cart items:","timestamp":"2024-11-05T15:09:59.348Z","userId":"C000005"}
{"code":"22P02","file":"numutils.c","filename":"eventorderModels.js","length":145,"level":"error","line":"320","message":"Error in getCartItems:","name":"error","routine":"pg_strtoint32","severity":"ERROR","timestamp":"2024-11-05T15:10:08.388Z","userId":"C000005","where":"unnamed portal parameter $1 = '...'"}
{"filename":"eventorderController.js","level":"error","message":"Error fetching cart items:","timestamp":"2024-11-05T15:10:08.390Z","userId":"C000005"}
{"code":"22P02","file":"numutils.c","filename":"eventorderModels.js","length":145,"level":"error","line":"320","message":"Error in getCartItems:","name":"error","routine":"pg_strtoint32","severity":"ERROR","timestamp":"2024-11-05T15:11:25.210Z","userId":"C000005","where":"unnamed portal parameter $1 = '...'"}
{"filename":"eventorderController.js","level":"error","message":"Error fetching cart items:","timestamp":"2024-11-05T15:11:25.210Z","userId":"C000005"}
{"error":{"expiredAt":"2024-11-05T06:26:02.000Z","message":"jwt expired","name":"TokenExpiredError"},"filename":"addressController.js","level":"error","message":"Token verification failed","timestamp":"2024-11-05T15:11:30.290Z","userId":"C000005"}
{"code":"22P02","file":"numutils.c","filename":"eventorderModels.js","length":145,"level":"error","line":"320","message":"Error in getCartItems:","name":"error","routine":"pg_strtoint32","severity":"ERROR","timestamp":"2024-11-05T15:11:30.612Z","userId":"C000005","where":"unnamed portal parameter $1 = '...'"}
{"filename":"eventorderController.js","level":"error","message":"Error fetching cart items:","timestamp":"2024-11-05T15:11:30.614Z","userId":"C000005"}
{"code":"22P02","file":"numutils.c","filename":"eventorderModels.js","length":145,"level":"error","line":"320","message":"Error in getCartItems:","name":"error","routine":"pg_strtoint32","severity":"ERROR","timestamp":"2024-11-05T15:11:30.650Z","userId":"C000005","where":"unnamed portal parameter $1 = '...'"}
{"filename":"eventorderController.js","level":"error","message":"Error fetching cart items:","timestamp":"2024-11-05T15:11:30.651Z","userId":"C000005"}
{"expiredAt":"2024-11-05T06:26:02.000Z","filename":"eventorderController.js","level":"error","message":"jwt expired","name":"TokenExpiredError","timestamp":"2024-11-05T15:13:08.654Z","userId":"C000005"}
{"code":"22P02","file":"numutils.c","filename":"eventorderModels.js","length":145,"level":"error","line":"320","message":"Error in getCartItems:","name":"error","routine":"pg_strtoint32","severity":"ERROR","timestamp":"2024-11-05T15:13:15.827Z","userId":"C000005","where":"unnamed portal parameter $1 = '...'"}
{"filename":"eventorderController.js","level":"error","message":"Error fetching cart items:","timestamp":"2024-11-05T15:13:15.828Z","userId":"C000005"}
{"code":"22P02","file":"numutils.c","filename":"eventorderModels.js","length":145,"level":"error","line":"320","message":"Error in getCartItems:","name":"error","routine":"pg_strtoint32","severity":"ERROR","timestamp":"2024-11-05T15:15:00.585Z","userId":"C000005","where":"unnamed portal parameter $1 = '...'"}
{"filename":"eventorderController.js","level":"error","message":"Error fetching cart items:","timestamp":"2024-11-05T15:15:00.586Z","userId":"C000005"}
{"code":"22P02","file":"numutils.c","filename":"eventorderModels.js","length":145,"level":"error","line":"320","message":"Error in getCartItems:","name":"error","routine":"pg_strtoint32","severity":"ERROR","timestamp":"2024-11-05T15:15:09.970Z","userId":"C000005","where":"unnamed portal parameter $1 = '...'"}
{"filename":"eventorderController.js","level":"error","message":"Error fetching cart items:","timestamp":"2024-11-05T15:15:09.971Z","userId":"C000005"}
{"code":"22P02","file":"numutils.c","filename":"eventorderModels.js","length":145,"level":"error","line":"320","message":"Error in getCartItems:","name":"error","routine":"pg_strtoint32","severity":"ERROR","timestamp":"2024-11-05T15:15:17.783Z","userId":"C000005","where":"unnamed portal parameter $1 = '...'"}
{"filename":"eventorderController.js","level":"error","message":"Error fetching cart items:","timestamp":"2024-11-05T15:15:17.784Z","userId":"C000005"}
{"code":"22P02","file":"numutils.c","filename":"eventorderModels.js","length":145,"level":"error","line":"320","message":"Error in getCartItems:","name":"error","routine":"pg_strtoint32","severity":"ERROR","timestamp":"2024-11-05T15:15:22.683Z","userId":"C000005","where":"unnamed portal parameter $1 = '...'"}
{"filename":"eventorderController.js","level":"error","message":"Error fetching cart items:","timestamp":"2024-11-05T15:15:22.684Z","userId":"C000005"}
