{"filename":"paymentController.js","level":"error","message":"Error updating corporate order:","timestamp":"2024-11-05T19:27:14.463Z","userId":"C000007"}
{"filename":"paymentController.js","level":"error","message":"Error updating corporate order:","timestamp":"2024-11-05T20:11:25.189Z","userId":"No userId"}
{"filename":"paymentController.js","level":"error","message":"Error updating corporate order:","timestamp":"2024-11-05T20:11:25.221Z","userId":"No userId"}
{"filename":"paymentController.js","level":"error","message":"Error updating corporate order:","timestamp":"2024-11-05T20:14:00.064Z","userId":"No userId"}
{"filename":"paymentController.js","level":"error","message":"Error updating corporate order:","timestamp":"2024-11-05T20:14:00.077Z","userId":"No userId"}
{"error":"insert or update on table \"corporateorder_details\" violates foreign key constraint \"corporateorder_details_category_id_fkey\"","filename":"corporateorderModels.js","level":"error","message":"Error inserting corporate order details:","timestamp":"2024-11-05T20:21:53.263Z","userId":"No userId"}
{"error":"insert or update on table \"corporateorder_details\" violates foreign key constraint \"corporateorder_details_category_id_fkey\"","filename":"corporateorderController.js","level":"error","message":"Error adding corporate order details","timestamp":"2024-11-05T20:21:53.264Z","userId":"No userId"}
{"filename":"paymentController.js","level":"error","message":"Error updating corporate order:","timestamp":"2024-11-05T20:22:59.544Z","userId":"No userId"}
{"filename":"paymentController.js","level":"error","message":"Error updating corporate order:","timestamp":"2024-11-05T20:22:59.602Z","userId":"No userId"}
{"filename":"paymentController.js","level":"error","message":"Error updating corporate order:","timestamp":"2024-11-05T20:38:09.275Z","userId":"C000008"}
{"filename":"paymentController.js","level":"error","message":"Error updating corporate order:","timestamp":"2024-11-05T20:38:09.305Z","userId":"C000008"}
{"filename":"paymentController.js","level":"error","message":"Error updating corporate order:","timestamp":"2024-11-05T20:39:41.506Z","userId":"C000008"}
{"filename":"paymentController.js","level":"error","message":"Error updating corporate order:","timestamp":"2024-11-05T20:39:41.523Z","userId":"C000008"}
{"error":"insert or update on table \"corporateorder_details\" violates foreign key constraint \"corporateorder_details_category_id_fkey\"","filename":"corporateorderModels.js","level":"error","message":"Error inserting corporate order details:","timestamp":"2024-11-05T20:45:52.173Z","userId":"C000008"}
{"error":"insert or update on table \"corporateorder_details\" violates foreign key constraint \"corporateorder_details_category_id_fkey\"","filename":"corporateorderController.js","level":"error","message":"Error adding corporate order details","timestamp":"2024-11-05T20:45:52.176Z","userId":"C000008"}
{"code":"22P02","file":"numutils.c","filename":"eventorderModels.js","length":145,"level":"error","line":"320","message":"Error in getCartItems:","name":"error","routine":"pg_strtoint32","severity":"ERROR","timestamp":"2024-11-05T22:35:23.719Z","userId":"C000008","where":"unnamed portal parameter $1 = '...'"}
{"filename":"eventorderController.js","level":"error","message":"Error fetching cart items:","timestamp":"2024-11-05T22:35:23.722Z","userId":"C000008"}
{"code":"22P02","file":"numutils.c","filename":"eventorderModels.js","length":145,"level":"error","line":"320","message":"Error in getCartItems:","name":"error","routine":"pg_strtoint32","severity":"ERROR","timestamp":"2024-11-05T22:35:30.407Z","userId":"C000008","where":"unnamed portal parameter $1 = '...'"}
{"filename":"eventorderController.js","level":"error","message":"Error fetching cart items:","timestamp":"2024-11-05T22:35:30.411Z","userId":"C000008"}
{"code":"22P02","file":"numutils.c","filename":"eventorderModels.js","length":145,"level":"error","line":"320","message":"Error in getCartItems:","name":"error","routine":"pg_strtoint32","severity":"ERROR","timestamp":"2024-11-05T22:35:30.810Z","userId":"C000008","where":"unnamed portal parameter $1 = '...'"}
{"filename":"eventorderController.js","level":"error","message":"Error fetching cart items:","timestamp":"2024-11-05T22:35:30.814Z","userId":"C000008"}
{"code":"22P02","file":"numutils.c","filename":"eventorderModels.js","length":145,"level":"error","line":"320","message":"Error in getCartItems:","name":"error","routine":"pg_strtoint32","severity":"ERROR","timestamp":"2024-11-05T22:36:59.573Z","userId":"C000008","where":"unnamed portal parameter $1 = '...'"}
{"filename":"eventorderController.js","level":"error","message":"Error fetching cart items:","timestamp":"2024-11-05T22:36:59.574Z","userId":"C000008"}
{"code":"22P02","file":"numutils.c","filename":"eventorderModels.js","length":145,"level":"error","line":"320","message":"Error in getCartItems:","name":"error","routine":"pg_strtoint32","severity":"ERROR","timestamp":"2024-11-05T22:37:02.967Z","userId":"C000008","where":"unnamed portal parameter $1 = '...'"}
{"filename":"eventorderController.js","level":"error","message":"Error fetching cart items:","timestamp":"2024-11-05T22:37:02.967Z","userId":"C000008"}
{"code":"22P02","file":"numutils.c","filename":"eventorderModels.js","length":145,"level":"error","line":"320","message":"Error in getCartItems:","name":"error","routine":"pg_strtoint32","severity":"ERROR","timestamp":"2024-11-05T22:37:03.188Z","userId":"C000008","where":"unnamed portal parameter $1 = '...'"}
{"filename":"eventorderController.js","level":"error","message":"Error fetching cart items:","timestamp":"2024-11-05T22:37:03.189Z","userId":"C000008"}
{"code":"22P02","file":"numutils.c","filename":"eventorderModels.js","length":145,"level":"error","line":"320","message":"Error in getCartItems:","name":"error","routine":"pg_strtoint32","severity":"ERROR","timestamp":"2024-11-05T22:37:51.510Z","userId":"C000008","where":"unnamed portal parameter $1 = '...'"}
{"filename":"eventorderController.js","level":"error","message":"Error fetching cart items:","timestamp":"2024-11-05T22:37:51.511Z","userId":"C000008"}
{"code":"22P02","file":"numutils.c","filename":"eventorderModels.js","length":145,"level":"error","line":"320","message":"Error in getCartItems:","name":"error","routine":"pg_strtoint32","severity":"ERROR","timestamp":"2024-11-05T22:40:21.613Z","userId":"C000008","where":"unnamed portal parameter $1 = '...'"}
{"filename":"eventorderController.js","level":"error","message":"Error fetching cart items:","timestamp":"2024-11-05T22:40:21.613Z","userId":"C000008"}
{"code":"22P02","file":"numutils.c","filename":"eventorderModels.js","length":145,"level":"error","line":"320","message":"Error in getCartItems:","name":"error","routine":"pg_strtoint32","severity":"ERROR","timestamp":"2024-11-05T22:40:27.604Z","userId":"C000008","where":"unnamed portal parameter $1 = '...'"}
{"filename":"eventorderController.js","level":"error","message":"Error fetching cart items:","timestamp":"2024-11-05T22:40:27.607Z","userId":"C000008"}
{"code":"22P02","file":"numutils.c","filename":"eventorderModels.js","length":145,"level":"error","line":"320","message":"Error in getCartItems:","name":"error","routine":"pg_strtoint32","severity":"ERROR","timestamp":"2024-11-05T22:40:27.786Z","userId":"C000008","where":"unnamed portal parameter $1 = '...'"}
{"filename":"eventorderController.js","level":"error","message":"Error fetching cart items:","timestamp":"2024-11-05T22:40:27.788Z","userId":"C000008"}
{"code":"22P02","file":"numutils.c","filename":"eventorderModels.js","length":145,"level":"error","line":"320","message":"Error in getCartItems:","name":"error","routine":"pg_strtoint32","severity":"ERROR","timestamp":"2024-11-05T22:41:14.470Z","userId":"C000008","where":"unnamed portal parameter $1 = '...'"}
{"filename":"eventorderController.js","level":"error","message":"Error fetching cart items:","timestamp":"2024-11-05T22:41:14.471Z","userId":"C000008"}
{"code":"22P02","file":"numutils.c","filename":"eventorderModels.js","length":145,"level":"error","line":"320","message":"Error in getCartItems:","name":"error","routine":"pg_strtoint32","severity":"ERROR","timestamp":"2024-11-05T22:41:28.208Z","userId":"C000008","where":"unnamed portal parameter $1 = '...'"}
{"filename":"eventorderController.js","level":"error","message":"Error fetching cart items:","timestamp":"2024-11-05T22:41:28.209Z","userId":"C000008"}
{"code":"22P02","file":"numutils.c","filename":"eventorderModels.js","length":145,"level":"error","line":"320","message":"Error in getCartItems:","name":"error","routine":"pg_strtoint32","severity":"ERROR","timestamp":"2024-11-05T22:44:44.098Z","userId":"C000008","where":"unnamed portal parameter $1 = '...'"}
{"filename":"eventorderController.js","level":"error","message":"Error fetching cart items:","timestamp":"2024-11-05T22:44:44.099Z","userId":"C000008"}
{"code":"22P02","file":"numutils.c","filename":"eventorderModels.js","length":145,"level":"error","line":"320","message":"Error in getCartItems:","name":"error","routine":"pg_strtoint32","severity":"ERROR","timestamp":"2024-11-05T22:46:26.597Z","userId":"C000008","where":"unnamed portal parameter $1 = '...'"}
{"filename":"eventorderController.js","level":"error","message":"Error fetching cart items:","timestamp":"2024-11-05T22:46:26.600Z","userId":"C000008"}
{"code":"22P02","file":"numutils.c","filename":"eventorderModels.js","length":145,"level":"error","line":"320","message":"Error in getCartItems:","name":"error","routine":"pg_strtoint32","severity":"ERROR","timestamp":"2024-11-05T22:46:27.742Z","userId":"C000008","where":"unnamed portal parameter $1 = '...'"}
{"filename":"eventorderController.js","level":"error","message":"Error fetching cart items:","timestamp":"2024-11-05T22:46:27.743Z","userId":"C000008"}
{"code":"22P02","file":"numutils.c","filename":"eventorderModels.js","length":145,"level":"error","line":"320","message":"Error in getCartItems:","name":"error","routine":"pg_strtoint32","severity":"ERROR","timestamp":"2024-11-05T22:46:27.857Z","userId":"C000008","where":"unnamed portal parameter $1 = '...'"}
{"filename":"eventorderController.js","level":"error","message":"Error fetching cart items:","timestamp":"2024-11-05T22:46:27.858Z","userId":"C000008"}
{"code":"22P02","file":"numutils.c","filename":"eventorderModels.js","length":145,"level":"error","line":"320","message":"Error in getCartItems:","name":"error","routine":"pg_strtoint32","severity":"ERROR","timestamp":"2024-11-05T22:46:55.710Z","userId":"C000008","where":"unnamed portal parameter $1 = '...'"}
{"filename":"eventorderController.js","level":"error","message":"Error fetching cart items:","timestamp":"2024-11-05T22:46:55.710Z","userId":"C000008"}
{"code":"22P02","file":"numutils.c","filename":"eventorderModels.js","length":145,"level":"error","line":"320","message":"Error in getCartItems:","name":"error","routine":"pg_strtoint32","severity":"ERROR","timestamp":"2024-11-05T22:47:49.564Z","userId":"C000008","where":"unnamed portal parameter $1 = '...'"}
{"filename":"eventorderController.js","level":"error","message":"Error fetching cart items:","timestamp":"2024-11-05T22:47:49.565Z","userId":"C000008"}
{"code":"22P02","file":"numutils.c","filename":"eventorderModels.js","length":145,"level":"error","line":"320","message":"Error in getCartItems:","name":"error","routine":"pg_strtoint32","severity":"ERROR","timestamp":"2024-11-05T22:49:35.365Z","userId":"C000008","where":"unnamed portal parameter $1 = '...'"}
{"filename":"eventorderController.js","level":"error","message":"Error fetching cart items:","timestamp":"2024-11-05T22:49:35.366Z","userId":"C000008"}
{"code":"22P02","file":"numutils.c","filename":"eventorderModels.js","length":145,"level":"error","line":"320","message":"Error in getCartItems:","name":"error","routine":"pg_strtoint32","severity":"ERROR","timestamp":"2024-11-05T22:50:37.859Z","userId":"C000008","where":"unnamed portal parameter $1 = '...'"}
{"filename":"eventorderController.js","level":"error","message":"Error fetching cart items:","timestamp":"2024-11-05T22:50:37.860Z","userId":"C000008"}
{"code":"22P02","file":"numutils.c","filename":"eventorderModels.js","length":145,"level":"error","line":"320","message":"Error in getCartItems:","name":"error","routine":"pg_strtoint32","severity":"ERROR","timestamp":"2024-11-05T22:50:37.861Z","userId":"C000008","where":"unnamed portal parameter $1 = '...'"}
{"filename":"eventorderController.js","level":"error","message":"Error fetching cart items:","timestamp":"2024-11-05T22:50:37.862Z","userId":"C000008"}
{"code":"22P02","file":"numutils.c","filename":"eventorderModels.js","length":145,"level":"error","line":"320","message":"Error in getCartItems:","name":"error","routine":"pg_strtoint32","severity":"ERROR","timestamp":"2024-11-05T22:50:38.234Z","userId":"C000008","where":"unnamed portal parameter $1 = '...'"}
{"filename":"eventorderController.js","level":"error","message":"Error fetching cart items:","timestamp":"2024-11-05T22:50:38.237Z","userId":"C000008"}
{"code":"22P02","file":"numutils.c","filename":"eventorderModels.js","length":145,"level":"error","line":"320","message":"Error in getCartItems:","name":"error","routine":"pg_strtoint32","severity":"ERROR","timestamp":"2024-11-05T22:52:39.496Z","userId":"C000008","where":"unnamed portal parameter $1 = '...'"}
{"filename":"eventorderController.js","level":"error","message":"Error fetching cart items:","timestamp":"2024-11-05T22:52:39.499Z","userId":"C000008"}
{"code":"22P02","file":"numutils.c","filename":"eventorderModels.js","length":145,"level":"error","line":"320","message":"Error in getCartItems:","name":"error","routine":"pg_strtoint32","severity":"ERROR","timestamp":"2024-11-05T22:55:46.493Z","userId":"C000008","where":"unnamed portal parameter $1 = '...'"}
{"filename":"eventorderController.js","level":"error","message":"Error fetching cart items:","timestamp":"2024-11-05T22:55:46.494Z","userId":"C000008"}
{"code":"22P02","file":"numutils.c","filename":"eventorderModels.js","length":145,"level":"error","line":"320","message":"Error in getCartItems:","name":"error","routine":"pg_strtoint32","severity":"ERROR","timestamp":"2024-11-05T22:59:23.031Z","userId":"C000008","where":"unnamed portal parameter $1 = '...'"}
{"filename":"eventorderController.js","level":"error","message":"Error fetching cart items:","timestamp":"2024-11-05T22:59:23.032Z","userId":"C000008"}
{"code":"22P02","file":"numutils.c","filename":"eventorderModels.js","length":145,"level":"error","line":"320","message":"Error in getCartItems:","name":"error","routine":"pg_strtoint32","severity":"ERROR","timestamp":"2024-11-05T23:01:10.486Z","userId":"C000008","where":"unnamed portal parameter $1 = '...'"}
{"filename":"eventorderController.js","level":"error","message":"Error fetching cart items:","timestamp":"2024-11-05T23:01:10.487Z","userId":"C000008"}
{"code":"22P02","file":"numutils.c","filename":"eventorderModels.js","length":145,"level":"error","line":"320","message":"Error in getCartItems:","name":"error","routine":"pg_strtoint32","severity":"ERROR","timestamp":"2024-11-05T23:05:32.151Z","userId":"C000008","where":"unnamed portal parameter $1 = '...'"}
{"filename":"eventorderController.js","level":"error","message":"Error fetching cart items:","timestamp":"2024-11-05T23:05:32.152Z","userId":"C000008"}
{"code":"22P02","file":"numutils.c","filename":"eventorderModels.js","length":145,"level":"error","line":"320","message":"Error in getCartItems:","name":"error","routine":"pg_strtoint32","severity":"ERROR","timestamp":"2024-11-05T23:07:34.953Z","userId":"C000008","where":"unnamed portal parameter $1 = '...'"}
{"filename":"eventorderController.js","level":"error","message":"Error fetching cart items:","timestamp":"2024-11-05T23:07:34.956Z","userId":"C000008"}
{"code":"22P02","file":"numutils.c","filename":"eventorderModels.js","length":145,"level":"error","line":"320","message":"Error in getCartItems:","name":"error","routine":"pg_strtoint32","severity":"ERROR","timestamp":"2024-11-05T23:11:07.895Z","userId":"C000008","where":"unnamed portal parameter $1 = '...'"}
{"filename":"eventorderController.js","level":"error","message":"Error fetching cart items:","timestamp":"2024-11-05T23:11:07.903Z","userId":"C000008"}
{"code":"22P02","file":"numutils.c","filename":"eventorderModels.js","length":145,"level":"error","line":"320","message":"Error in getCartItems:","name":"error","routine":"pg_strtoint32","severity":"ERROR","timestamp":"2024-11-05T23:13:05.456Z","userId":"C000008","where":"unnamed portal parameter $1 = '...'"}
{"filename":"eventorderController.js","level":"error","message":"Error fetching cart items:","timestamp":"2024-11-05T23:13:05.469Z","userId":"C000008"}
{"code":"22P02","file":"numutils.c","filename":"eventorderModels.js","length":145,"level":"error","line":"320","message":"Error in getCartItems:","name":"error","routine":"pg_strtoint32","severity":"ERROR","timestamp":"2024-11-05T23:14:19.068Z","userId":"C000008","where":"unnamed portal parameter $1 = '...'"}
{"filename":"eventorderController.js","level":"error","message":"Error fetching cart items:","timestamp":"2024-11-05T23:14:19.073Z","userId":"C000008"}
{"filename":"paymentController.js","level":"error","message":"Error updating corporate order:","timestamp":"2024-11-06T06:02:30.518Z","userId":"C000008"}
{"filename":"paymentController.js","level":"error","message":"Error updating corporate order:","timestamp":"2024-11-06T06:02:30.532Z","userId":"C000008"}
